{"/home/travis/build/npmtest/node-npmtest-oboe/test.js":{"path":"/home/travis/build/npmtest/node-npmtest-oboe/test.js","s":{"1":2,"2":2,"3":2,"4":2,"5":2,"6":2,"7":2,"8":1,"9":2,"10":2,"11":1,"12":1,"13":1,"14":1,"15":2,"16":2,"17":2,"18":2,"19":1,"20":1,"21":2,"22":2,"23":2,"24":1,"25":1,"26":1,"27":1,"28":1,"29":1,"30":1,"31":1,"32":1,"33":1,"34":1,"35":1,"36":1,"37":1,"38":1,"39":2,"40":2,"41":1,"42":2,"43":2,"44":1,"45":2,"46":2,"47":1,"48":2,"49":2,"50":1,"51":1,"52":1,"53":1,"54":1},"b":{"1":[2,1,1,1],"2":[1,1,1,1],"3":[1,1],"4":[1,1],"5":[1,1],"6":[1,1],"7":[1,1],"8":[1,1],"9":[1,1],"10":[1,1,1],"11":[1,1],"12":[1,1],"13":[1,1],"14":[1,1],"15":[1,1],"16":[1,1],"17":[1,1]},"f":{"1":2,"2":2,"3":2,"4":2,"5":2,"6":1,"7":1,"8":1,"9":2,"10":2,"11":2,"12":2,"13":1},"fnMap":{"1":{"name":"(anonymous_1)","line":12,"loc":{"start":{"line":12,"column":1},"end":{"line":12,"column":13}}},"2":{"name":"(anonymous_2)","line":19,"loc":{"start":{"line":19,"column":5},"end":{"line":19,"column":17}}},"3":{"name":"(anonymous_3)","line":23,"loc":{"start":{"line":23,"column":24},"end":{"line":23,"column":36}}},"4":{"name":"(anonymous_4)","line":61,"loc":{"start":{"line":61,"column":5},"end":{"line":61,"column":17}}},"5":{"name":"(anonymous_5)","line":82,"loc":{"start":{"line":82,"column":5},"end":{"line":82,"column":17}}},"6":{"name":"(anonymous_6)","line":91,"loc":{"start":{"line":91,"column":77},"end":{"line":94,"column":10}}},"7":{"name":"(anonymous_7)","line":112,"loc":{"start":{"line":112,"column":83},"end":{"line":115,"column":10}},"skip":true},"8":{"name":"(anonymous_8)","line":123,"loc":{"start":{"line":123,"column":77},"end":{"line":126,"column":10}},"skip":true},"9":{"name":"(anonymous_9)","line":139,"loc":{"start":{"line":139,"column":12},"end":{"line":139,"column":40}},"skip":true},"10":{"name":"(anonymous_10)","line":147,"loc":{"start":{"line":147,"column":77},"end":{"line":150,"column":10}},"skip":true},"11":{"name":"(anonymous_11)","line":158,"loc":{"start":{"line":158,"column":83},"end":{"line":161,"column":10}},"skip":true},"12":{"name":"(anonymous_12)","line":169,"loc":{"start":{"line":169,"column":79},"end":{"line":172,"column":10}},"skip":true},"13":{"name":"(anonymous_13)","line":180,"loc":{"start":{"line":180,"column":75},"end":{"line":183,"column":10}},"skip":true}},"statementMap":{"1":{"start":{"line":12,"column":0},"end":{"line":195,"column":5}},"2":{"start":{"line":14,"column":4},"end":{"line":14,"column":14}},"3":{"start":{"line":19,"column":4},"end":{"line":56,"column":9}},"4":{"start":{"line":21,"column":8},"end":{"line":21,"column":19}},"5":{"start":{"line":23,"column":8},"end":{"line":35,"column":13}},"6":{"start":{"line":24,"column":12},"end":{"line":34,"column":13}},"7":{"start":{"line":25,"column":16},"end":{"line":28,"column":30}},"8":{"start":{"line":30,"column":16},"end":{"line":33,"column":27}},"9":{"start":{"line":37,"column":8},"end":{"line":39,"column":21}},"10":{"start":{"line":40,"column":8},"end":{"line":53,"column":9}},"11":{"start":{"line":43,"column":12},"end":{"line":46,"column":14}},"12":{"start":{"line":47,"column":12},"end":{"line":47,"column":18}},"13":{"start":{"line":50,"column":12},"end":{"line":51,"column":33}},"14":{"start":{"line":52,"column":12},"end":{"line":52,"column":18}},"15":{"start":{"line":55,"column":8},"end":{"line":55,"column":35}},"16":{"start":{"line":61,"column":4},"end":{"line":63,"column":9}},"17":{"start":{"line":62,"column":8},"end":{"line":62,"column":15}},"18":{"start":{"line":64,"column":4},"end":{"line":77,"column":5}},"19":{"start":{"line":70,"column":8},"end":{"line":70,"column":14}},"20":{"start":{"line":76,"column":8},"end":{"line":76,"column":14}},"21":{"start":{"line":82,"column":4},"end":{"line":84,"column":9}},"22":{"start":{"line":83,"column":8},"end":{"line":83,"column":15}},"23":{"start":{"line":85,"column":4},"end":{"line":194,"column":5}},"24":{"start":{"line":91,"column":8},"end":{"line":99,"column":10}},"25":{"start":{"line":98,"column":12},"end":{"line":98,"column":35}},"26":{"start":{"line":102,"column":8},"end":{"line":104,"column":63}},"27":{"start":{"line":105,"column":8},"end":{"line":105,"column":14}},"28":{"start":{"line":112,"column":8},"end":{"line":121,"column":10},"skip":true},"29":{"start":{"line":119,"column":12},"end":{"line":119,"column":55},"skip":true},"30":{"start":{"line":120,"column":12},"end":{"line":120,"column":48},"skip":true},"31":{"start":{"line":123,"column":8},"end":{"line":136,"column":10},"skip":true},"32":{"start":{"line":130,"column":12},"end":{"line":130,"column":76},"skip":true},"33":{"start":{"line":131,"column":12},"end":{"line":131,"column":73},"skip":true},"34":{"start":{"line":132,"column":12},"end":{"line":132,"column":74},"skip":true},"35":{"start":{"line":133,"column":12},"end":{"line":133,"column":79},"skip":true},"36":{"start":{"line":134,"column":12},"end":{"line":134,"column":25},"skip":true},"37":{"start":{"line":135,"column":12},"end":{"line":135,"column":45},"skip":true},"38":{"start":{"line":138,"column":8},"end":{"line":145,"column":14},"skip":true},"39":{"start":{"line":143,"column":16},"end":{"line":143,"column":29},"skip":true},"40":{"start":{"line":144,"column":16},"end":{"line":144,"column":55},"skip":true},"41":{"start":{"line":147,"column":8},"end":{"line":156,"column":10},"skip":true},"42":{"start":{"line":154,"column":12},"end":{"line":154,"column":25},"skip":true},"43":{"start":{"line":155,"column":12},"end":{"line":155,"column":45},"skip":true},"44":{"start":{"line":158,"column":8},"end":{"line":167,"column":10},"skip":true},"45":{"start":{"line":165,"column":12},"end":{"line":165,"column":25},"skip":true},"46":{"start":{"line":166,"column":12},"end":{"line":166,"column":48},"skip":true},"47":{"start":{"line":169,"column":8},"end":{"line":178,"column":10},"skip":true},"48":{"start":{"line":176,"column":12},"end":{"line":176,"column":25},"skip":true},"49":{"start":{"line":177,"column":12},"end":{"line":177,"column":46},"skip":true},"50":{"start":{"line":180,"column":8},"end":{"line":189,"column":10},"skip":true},"51":{"start":{"line":187,"column":12},"end":{"line":187,"column":94},"skip":true},"52":{"start":{"line":188,"column":12},"end":{"line":188,"column":48},"skip":true},"53":{"start":{"line":192,"column":8},"end":{"line":192,"column":35},"skip":true},"54":{"start":{"line":193,"column":8},"end":{"line":193,"column":14},"skip":true}},"branchMap":{"1":{"line":25,"type":"binary-expr","locations":[{"start":{"line":25,"column":23},"end":{"line":25,"column":62}},{"start":{"line":26,"column":20},"end":{"line":26,"column":70}},{"start":{"line":27,"column":20},"end":{"line":27,"column":71}},{"start":{"line":28,"column":20},"end":{"line":28,"column":29}}]},"2":{"line":30,"type":"binary-expr","locations":[{"start":{"line":30,"column":23},"end":{"line":30,"column":37}},{"start":{"line":31,"column":20},"end":{"line":31,"column":61}},{"start":{"line":32,"column":20},"end":{"line":32,"column":70}},{"start":{"line":33,"column":20},"end":{"line":33,"column":26}}]},"3":{"line":37,"type":"cond-expr","locations":[{"start":{"line":38,"column":14},"end":{"line":38,"column":20}},{"start":{"line":39,"column":14},"end":{"line":39,"column":20}}]},"4":{"line":40,"type":"switch","locations":[{"start":{"line":42,"column":8},"end":{"line":47,"column":18}},{"start":{"line":49,"column":8},"end":{"line":52,"column":18}}]},"5":{"line":44,"type":"binary-expr","locations":[{"start":{"line":44,"column":16},"end":{"line":44,"column":44}},{"start":{"line":44,"column":48},"end":{"line":44,"column":66}}]},"6":{"line":50,"type":"binary-expr","locations":[{"start":{"line":50,"column":21},"end":{"line":50,"column":49}},{"start":{"line":50,"column":53},"end":{"line":50,"column":72}}]},"7":{"line":64,"type":"switch","locations":[{"start":{"line":69,"column":4},"end":{"line":70,"column":14}},{"start":{"line":75,"column":4},"end":{"line":76,"column":14}}]},"8":{"line":85,"type":"switch","locations":[{"start":{"line":90,"column":4},"end":{"line":105,"column":14}},{"start":{"line":111,"column":4},"end":{"line":193,"column":14},"skip":true}]},"9":{"line":91,"type":"binary-expr","locations":[{"start":{"line":91,"column":42},"end":{"line":91,"column":73}},{"start":{"line":91,"column":77},"end":{"line":99,"column":9}}]},"10":{"line":102,"type":"binary-expr","locations":[{"start":{"line":102,"column":18},"end":{"line":102,"column":32}},{"start":{"line":103,"column":12},"end":{"line":103,"column":53}},{"start":{"line":104,"column":12},"end":{"line":104,"column":61}}]},"11":{"line":112,"type":"binary-expr","locations":[{"start":{"line":112,"column":45},"end":{"line":112,"column":79},"skip":true},{"start":{"line":112,"column":83},"end":{"line":121,"column":9},"skip":true}]},"12":{"line":123,"type":"binary-expr","locations":[{"start":{"line":123,"column":42},"end":{"line":123,"column":73},"skip":true},{"start":{"line":123,"column":77},"end":{"line":136,"column":9},"skip":true}]},"13":{"line":138,"type":"binary-expr","locations":[{"start":{"line":138,"column":48},"end":{"line":138,"column":85},"skip":true},{"start":{"line":139,"column":12},"end":{"line":145,"column":13},"skip":true}]},"14":{"line":147,"type":"binary-expr","locations":[{"start":{"line":147,"column":42},"end":{"line":147,"column":73},"skip":true},{"start":{"line":147,"column":77},"end":{"line":156,"column":9},"skip":true}]},"15":{"line":158,"type":"binary-expr","locations":[{"start":{"line":158,"column":45},"end":{"line":158,"column":79},"skip":true},{"start":{"line":158,"column":83},"end":{"line":167,"column":9},"skip":true}]},"16":{"line":169,"type":"binary-expr","locations":[{"start":{"line":169,"column":43},"end":{"line":169,"column":75},"skip":true},{"start":{"line":169,"column":79},"end":{"line":178,"column":9},"skip":true}]},"17":{"line":180,"type":"binary-expr","locations":[{"start":{"line":180,"column":41},"end":{"line":180,"column":71},"skip":true},{"start":{"line":180,"column":75},"end":{"line":189,"column":9},"skip":true}]}},"code":["/* istanbul instrument in package npmtest_oboe */","/*jslint","    bitwise: true,","    browser: true,","    maxerr: 8,","    maxlen: 96,","    node: true,","    nomen: true,","    regexp: true,","    stupid: true","*/","(function () {","    'use strict';","    var local;","","","","    // run shared js-env code - init-before","    (function () {","        // init local","        local = {};","        // init modeJs","        local.modeJs = (function () {","            try {","                return typeof navigator.userAgent === 'string' &&","                    typeof document.querySelector('body') === 'object' &&","                    typeof XMLHttpRequest.prototype.open === 'function' &&","                    'browser';","            } catch (errorCaughtBrowser) {","                return module.exports &&","                    typeof process.versions.node === 'string' &&","                    typeof require('http').createServer === 'function' &&","                    'node';","            }","        }());","        // init global","        local.global = local.modeJs === 'browser'","            ? window","            : global;","        switch (local.modeJs) {","        // re-init local from window.local","        case 'browser':","            local = local.global.utility2.objectSetDefault(","                local.global.utility2_rollup || local.global.local,","                local.global.utility2","            );","            break;","        // re-init local from example.js","        case 'node':","            local = (local.global.utility2_rollup || require('utility2'))","                .requireReadme();","            break;","        }","        // export local","        local.global.local = local;","    }());","","","","    // run shared js-env code - function","    (function () {","        return;","    }());","    switch (local.modeJs) {","","","","    // run browser js-env code - function","    case 'browser':","        break;","","","","    // run node js-env code - function","    case 'node':","        break;","    }","","","","    // run shared js-env code - init-after","    (function () {","        return;","    }());","    switch (local.modeJs) {","","","","    // run browser js-env code - init-after","    case 'browser':","        local.testCase_browser_nullCase = local.testCase_browser_nullCase || function (","            options,","            onError","        ) {","        /*","         * this function will test browsers's null-case handling-behavior-behavior","         */","            onError(null, options);","        };","","        // run tests","        local.nop(local.modeTest &&","            document.querySelector('#testRunButton1') &&","            document.querySelector('#testRunButton1').click());","        break;","","","","    // run node js-env code - init-after","    /* istanbul ignore next */","    case 'node':","        local.testCase_buildApidoc_default = local.testCase_buildApidoc_default || function (","            options,","            onError","        ) {","        /*","         * this function will test buildApidoc's default handling-behavior-behavior","         */","            options = { modulePathList: module.paths };","            local.buildApidoc(options, onError);","        };","","        local.testCase_buildApp_default = local.testCase_buildApp_default || function (","            options,","            onError","        ) {","        /*","         * this function will test buildApp's default handling-behavior-behavior","         */","            local.testCase_buildReadme_default(options, local.onErrorThrow);","            local.testCase_buildLib_default(options, local.onErrorThrow);","            local.testCase_buildTest_default(options, local.onErrorThrow);","            local.testCase_buildCustomOrg_default(options, local.onErrorThrow);","            options = [];","            local.buildApp(options, onError);","        };","","        local.testCase_buildCustomOrg_default = local.testCase_buildCustomOrg_default ||","            function (options, onError) {","            /*","             * this function will test buildCustomOrg's default handling-behavior","             */","                options = {};","                local.buildCustomOrg(options, onError);","            };","","        local.testCase_buildLib_default = local.testCase_buildLib_default || function (","            options,","            onError","        ) {","        /*","         * this function will test buildLib's default handling-behavior","         */","            options = {};","            local.buildLib(options, onError);","        };","","        local.testCase_buildReadme_default = local.testCase_buildReadme_default || function (","            options,","            onError","        ) {","        /*","         * this function will test buildReadme's default handling-behavior-behavior","         */","            options = {};","            local.buildReadme(options, onError);","        };","","        local.testCase_buildTest_default = local.testCase_buildTest_default || function (","            options,","            onError","        ) {","        /*","         * this function will test buildTest's default handling-behavior","         */","            options = {};","            local.buildTest(options, onError);","        };","","        local.testCase_webpage_default = local.testCase_webpage_default || function (","            options,","            onError","        ) {","        /*","         * this function will test webpage's default handling-behavior","         */","            options = { modeCoverageMerge: true, url: local.serverLocalHost + '?modeTest=1' };","            local.browserTest(options, onError);","        };","","        // run test-server","        local.testRunServer(local);","        break;","    }","}());",""],"l":{"12":2,"14":2,"19":2,"21":2,"23":2,"24":2,"25":2,"30":1,"37":2,"40":2,"43":1,"47":1,"50":1,"52":1,"55":2,"61":2,"62":2,"64":2,"70":1,"76":1,"82":2,"83":2,"85":2,"91":1,"98":1,"102":1,"105":1,"112":1,"119":1,"120":1,"123":1,"130":1,"131":1,"132":1,"133":1,"134":1,"135":1,"138":1,"143":2,"144":2,"147":1,"154":2,"155":2,"158":1,"165":2,"166":2,"169":1,"176":2,"177":2,"180":1,"187":1,"188":1,"192":1,"193":1}},"/home/travis/build/npmtest/node-npmtest-oboe/lib.npmtest_oboe.js":{"path":"/home/travis/build/npmtest/node-npmtest-oboe/lib.npmtest_oboe.js","s":{"1":2,"2":2,"3":2,"4":2,"5":2,"6":2,"7":2,"8":1,"9":2,"10":2,"11":2,"12":2,"13":1,"14":1,"15":1,"16":1},"b":{"1":[2,1,1,1],"2":[1,1,1,1],"3":[1,1],"4":[2,2],"5":[1,1]},"f":{"1":2,"2":2,"3":2},"fnMap":{"1":{"name":"(anonymous_1)","line":12,"loc":{"start":{"line":12,"column":1},"end":{"line":12,"column":13}}},"2":{"name":"(anonymous_2)","line":19,"loc":{"start":{"line":19,"column":5},"end":{"line":19,"column":17}}},"3":{"name":"(anonymous_3)","line":23,"loc":{"start":{"line":23,"column":24},"end":{"line":23,"column":36}}}},"statementMap":{"1":{"start":{"line":12,"column":0},"end":{"line":53,"column":5}},"2":{"start":{"line":14,"column":4},"end":{"line":14,"column":14}},"3":{"start":{"line":19,"column":4},"end":{"line":52,"column":9}},"4":{"start":{"line":21,"column":8},"end":{"line":21,"column":19}},"5":{"start":{"line":23,"column":8},"end":{"line":35,"column":13}},"6":{"start":{"line":24,"column":12},"end":{"line":34,"column":13}},"7":{"start":{"line":25,"column":16},"end":{"line":28,"column":30}},"8":{"start":{"line":30,"column":16},"end":{"line":33,"column":27}},"9":{"start":{"line":37,"column":8},"end":{"line":39,"column":21}},"10":{"start":{"line":41,"column":8},"end":{"line":41,"column":54}},"11":{"start":{"line":43,"column":8},"end":{"line":43,"column":49}},"12":{"start":{"line":45,"column":8},"end":{"line":51,"column":9}},"13":{"start":{"line":46,"column":12},"end":{"line":46,"column":55}},"14":{"start":{"line":48,"column":12},"end":{"line":48,"column":35}},"15":{"start":{"line":49,"column":12},"end":{"line":49,"column":49}},"16":{"start":{"line":50,"column":12},"end":{"line":50,"column":43}}},"branchMap":{"1":{"line":25,"type":"binary-expr","locations":[{"start":{"line":25,"column":23},"end":{"line":25,"column":62}},{"start":{"line":26,"column":20},"end":{"line":26,"column":70}},{"start":{"line":27,"column":20},"end":{"line":27,"column":71}},{"start":{"line":28,"column":20},"end":{"line":28,"column":29}}]},"2":{"line":30,"type":"binary-expr","locations":[{"start":{"line":30,"column":23},"end":{"line":30,"column":37}},{"start":{"line":31,"column":20},"end":{"line":31,"column":61}},{"start":{"line":32,"column":20},"end":{"line":32,"column":70}},{"start":{"line":33,"column":20},"end":{"line":33,"column":26}}]},"3":{"line":37,"type":"cond-expr","locations":[{"start":{"line":38,"column":14},"end":{"line":38,"column":20}},{"start":{"line":39,"column":14},"end":{"line":39,"column":20}}]},"4":{"line":41,"type":"binary-expr","locations":[{"start":{"line":41,"column":16},"end":{"line":41,"column":44}},{"start":{"line":41,"column":48},"end":{"line":41,"column":53}}]},"5":{"line":45,"type":"if","locations":[{"start":{"line":45,"column":8},"end":{"line":45,"column":8}},{"start":{"line":45,"column":8},"end":{"line":45,"column":8}}]}},"code":["/* istanbul instrument in package npmtest_oboe */","/*jslint","    bitwise: true,","    browser: true,","    maxerr: 8,","    maxlen: 96,","    node: true,","    nomen: true,","    regexp: true,","    stupid: true","*/","(function () {","    'use strict';","    var local;","","","","    // run shared js-env code - init-before","    (function () {","        // init local","        local = {};","        // init modeJs","        local.modeJs = (function () {","            try {","                return typeof navigator.userAgent === 'string' &&","                    typeof document.querySelector('body') === 'object' &&","                    typeof XMLHttpRequest.prototype.open === 'function' &&","                    'browser';","            } catch (errorCaughtBrowser) {","                return module.exports &&","                    typeof process.versions.node === 'string' &&","                    typeof require('http').createServer === 'function' &&","                    'node';","            }","        }());","        // init global","        local.global = local.modeJs === 'browser'","            ? window","            : global;","        // init utility2_rollup","        local = local.global.utility2_rollup || local;","        // init lib","        local.local = local.npmtest_oboe = local;","        // init exports","        if (local.modeJs === 'browser') {","            local.global.utility2_npmtest_oboe = local;","        } else {","            module.exports = local;","            module.exports.__dirname = __dirname;","            module.exports.module = module;","        }","    }());","}());",""],"l":{"12":2,"14":2,"19":2,"21":2,"23":2,"24":2,"25":2,"30":1,"37":2,"41":2,"43":2,"45":2,"46":1,"48":1,"49":1,"50":1}},"/home/travis/build/npmtest/node-npmtest-oboe/example.js":{"path":"/home/travis/build/npmtest/node-npmtest-oboe/example.js","s":{"1":2,"2":2,"3":2,"4":2,"5":2,"6":2,"7":2,"8":1,"9":2,"10":2,"11":2,"12":2,"13":1,"14":2,"15":2,"16":2,"17":2,"18":2,"19":0,"20":2,"21":1,"22":1,"23":1,"24":1,"25":1,"26":0,"27":0,"28":1,"29":1,"30":2,"31":0,"32":0,"33":0,"34":1,"35":2,"36":2,"37":3,"38":3,"39":3,"40":3,"41":0,"42":3,"43":3,"44":3,"45":1,"46":3,"47":1,"48":1,"49":1,"50":1,"51":1,"52":1,"53":1,"54":1,"55":1,"56":1,"57":0,"58":1,"59":6,"60":6,"61":1,"62":2,"63":0,"64":2,"65":1,"66":1,"67":0,"68":0,"69":0,"70":0,"71":0,"72":0,"73":0,"74":0,"75":0,"76":0,"77":0,"78":0,"79":0,"80":0,"81":0,"82":0,"83":0},"b":{"1":[2,1,1,1],"2":[1,1,1,1],"3":[1,1],"4":[2,2],"5":[1,1],"6":[1,1],"7":[2,0],"8":[2,1,1,1,1,1],"9":[0,2,0],"10":[1,1],"11":[2,1,1],"12":[1,0],"13":[0,2],"14":[2,0,0,0,0,0,0],"15":[0,3],"16":[3,0],"17":[1,1],"18":[0,1],"19":[1,2,0,2],"20":[1,0],"21":[1,1],"22":[0,0],"23":[0,0],"24":[0,0],"25":[0,0],"26":[0,0],"27":[0,0],"28":[0,0]},"f":{"1":2,"2":2,"3":2,"4":2,"5":2,"6":2,"7":3,"8":3,"9":3,"10":1,"11":6,"12":0},"fnMap":{"1":{"name":"(anonymous_1)","line":26,"loc":{"start":{"line":26,"column":1},"end":{"line":26,"column":13}}},"2":{"name":"(anonymous_2)","line":33,"loc":{"start":{"line":33,"column":5},"end":{"line":33,"column":17}}},"3":{"name":"(anonymous_3)","line":37,"loc":{"start":{"line":37,"column":24},"end":{"line":37,"column":36}}},"4":{"name":"(anonymous_4)","line":69,"loc":{"start":{"line":69,"column":31},"end":{"line":69,"column":48}},"skip":true},"5":{"name":"(anonymous_5)","line":78,"loc":{"start":{"line":78,"column":26},"end":{"line":78,"column":45}},"skip":true},"6":{"name":"(anonymous_6)","line":123,"loc":{"start":{"line":123,"column":33},"end":{"line":123,"column":48}},"skip":true},"7":{"name":"(anonymous_7)","line":125,"loc":{"start":{"line":125,"column":27},"end":{"line":125,"column":39}},"skip":true},"8":{"name":"(anonymous_8)","line":133,"loc":{"start":{"line":133,"column":59},"end":{"line":133,"column":74}},"skip":true},"9":{"name":"(anonymous_9)","line":143,"loc":{"start":{"line":143,"column":45},"end":{"line":143,"column":62}},"skip":true},"10":{"name":"(anonymous_10)","line":144,"loc":{"start":{"line":144,"column":73},"end":{"line":144,"column":92}},"skip":true},"11":{"name":"(anonymous_11)","line":272,"loc":{"start":{"line":272,"column":51},"end":{"line":272,"column":77}},"skip":true},"12":{"name":"(anonymous_12)","line":315,"loc":{"start":{"line":315,"column":32},"end":{"line":315,"column":61}},"skip":true}},"statementMap":{"1":{"start":{"line":26,"column":0},"end":{"line":326,"column":5}},"2":{"start":{"line":28,"column":4},"end":{"line":28,"column":14}},"3":{"start":{"line":33,"column":4},"end":{"line":60,"column":9}},"4":{"start":{"line":35,"column":8},"end":{"line":35,"column":19}},"5":{"start":{"line":37,"column":8},"end":{"line":49,"column":13}},"6":{"start":{"line":38,"column":12},"end":{"line":48,"column":13}},"7":{"start":{"line":39,"column":16},"end":{"line":42,"column":30}},"8":{"start":{"line":44,"column":16},"end":{"line":47,"column":27}},"9":{"start":{"line":51,"column":8},"end":{"line":53,"column":21}},"10":{"start":{"line":55,"column":8},"end":{"line":57,"column":45}},"11":{"start":{"line":59,"column":8},"end":{"line":59,"column":35}},"12":{"start":{"line":61,"column":4},"end":{"line":325,"column":5}},"13":{"start":{"line":69,"column":8},"end":{"line":121,"column":10},"skip":true},"14":{"start":{"line":70,"column":12},"end":{"line":88,"column":13},"skip":true},"15":{"start":{"line":76,"column":16},"end":{"line":87,"column":19},"skip":true},"16":{"start":{"line":79,"column":20},"end":{"line":86,"column":21},"skip":true},"17":{"start":{"line":82,"column":24},"end":{"line":82,"column":43},"skip":true},"18":{"start":{"line":83,"column":24},"end":{"line":83,"column":30},"skip":true},"19":{"start":{"line":85,"column":24},"end":{"line":85,"column":49},"skip":true},"20":{"start":{"line":89,"column":12},"end":{"line":107,"column":13},"skip":true},"21":{"start":{"line":92,"column":16},"end":{"line":102,"column":17},"skip":true},"22":{"start":{"line":93,"column":20},"end":{"line":93,"column":86},"skip":true},"23":{"start":{"line":94,"column":20},"end":{"line":95,"column":45},"skip":true},"24":{"start":{"line":96,"column":20},"end":{"line":96,"column":42},"skip":true},"25":{"start":{"line":97,"column":20},"end":{"line":97,"column":48},"skip":true},"26":{"start":{"line":100,"column":20},"end":{"line":100,"column":85},"skip":true},"27":{"start":{"line":101,"column":20},"end":{"line":101,"column":96},"skip":true},"28":{"start":{"line":103,"column":16},"end":{"line":103,"column":22},"skip":true},"29":{"start":{"line":106,"column":16},"end":{"line":106,"column":22},"skip":true},"30":{"start":{"line":108,"column":12},"end":{"line":120,"column":13},"skip":true},"31":{"start":{"line":114,"column":16},"end":{"line":119,"column":17},"skip":true},"32":{"start":{"line":116,"column":20},"end":{"line":116,"column":78},"skip":true},"33":{"start":{"line":118,"column":20},"end":{"line":118,"column":47},"skip":true},"34":{"start":{"line":123,"column":8},"end":{"line":141,"column":11},"skip":true},"35":{"start":{"line":124,"column":12},"end":{"line":124,"column":54},"skip":true},"36":{"start":{"line":125,"column":12},"end":{"line":140,"column":14},"skip":true},"37":{"start":{"line":126,"column":16},"end":{"line":126,"column":28},"skip":true},"38":{"start":{"line":127,"column":16},"end":{"line":127,"column":69},"skip":true},"39":{"start":{"line":128,"column":16},"end":{"line":128,"column":75},"skip":true},"40":{"start":{"line":129,"column":16},"end":{"line":131,"column":17},"skip":true},"41":{"start":{"line":130,"column":20},"end":{"line":130,"column":27},"skip":true},"42":{"start":{"line":133,"column":16},"end":{"line":137,"column":36},"skip":true},"43":{"start":{"line":134,"column":20},"end":{"line":136,"column":55},"skip":true},"44":{"start":{"line":139,"column":16},"end":{"line":139,"column":57},"skip":true},"45":{"start":{"line":143,"column":8},"end":{"line":147,"column":11},"skip":true},"46":{"start":{"line":144,"column":12},"end":{"line":146,"column":15},"skip":true},"47":{"start":{"line":145,"column":16},"end":{"line":145,"column":70},"skip":true},"48":{"start":{"line":149,"column":8},"end":{"line":149,"column":31},"skip":true},"49":{"start":{"line":150,"column":8},"end":{"line":150,"column":14},"skip":true},"50":{"start":{"line":158,"column":8},"end":{"line":158,"column":31},"skip":true},"51":{"start":{"line":160,"column":8},"end":{"line":160,"column":33},"skip":true},"52":{"start":{"line":161,"column":8},"end":{"line":161,"column":37},"skip":true},"53":{"start":{"line":162,"column":8},"end":{"line":162,"column":35},"skip":true},"54":{"start":{"line":164,"column":8},"end":{"line":164,"column":50},"skip":true},"55":{"start":{"line":166,"column":8},"end":{"line":256,"column":2},"skip":true},"56":{"start":{"line":258,"column":8},"end":{"line":286,"column":9},"skip":true},"57":{"start":{"line":259,"column":12},"end":{"line":269,"column":14},"skip":true},"58":{"start":{"line":271,"column":12},"end":{"line":285,"column":19},"skip":true},"59":{"start":{"line":274,"column":20},"end":{"line":274,"column":35},"skip":true},"60":{"start":{"line":275,"column":20},"end":{"line":284,"column":21},"skip":true},"61":{"start":{"line":277,"column":24},"end":{"line":277,"column":64},"skip":true},"62":{"start":{"line":279,"column":24},"end":{"line":279,"column":40},"skip":true},"63":{"start":{"line":281,"column":24},"end":{"line":281,"column":40},"skip":true},"64":{"start":{"line":283,"column":24},"end":{"line":283,"column":39},"skip":true},"65":{"start":{"line":288,"column":8},"end":{"line":290,"column":9},"skip":true},"66":{"start":{"line":289,"column":12},"end":{"line":289,"column":18},"skip":true},"67":{"start":{"line":291,"column":8},"end":{"line":293,"column":54},"skip":true},"68":{"start":{"line":296,"column":8},"end":{"line":301,"column":37},"skip":true},"69":{"start":{"line":303,"column":8},"end":{"line":303,"column":82},"skip":true},"70":{"start":{"line":306,"column":8},"end":{"line":308,"column":9},"skip":true},"71":{"start":{"line":307,"column":12},"end":{"line":307,"column":82},"skip":true},"72":{"start":{"line":310,"column":8},"end":{"line":312,"column":9},"skip":true},"73":{"start":{"line":311,"column":12},"end":{"line":311,"column":18},"skip":true},"74":{"start":{"line":313,"column":8},"end":{"line":313,"column":54},"skip":true},"75":{"start":{"line":314,"column":8},"end":{"line":314,"column":69},"skip":true},"76":{"start":{"line":315,"column":8},"end":{"line":323,"column":36},"skip":true},"77":{"start":{"line":316,"column":12},"end":{"line":316,"column":61},"skip":true},"78":{"start":{"line":317,"column":12},"end":{"line":320,"column":13},"skip":true},"79":{"start":{"line":318,"column":16},"end":{"line":318,"column":75},"skip":true},"80":{"start":{"line":319,"column":16},"end":{"line":319,"column":23},"skip":true},"81":{"start":{"line":321,"column":12},"end":{"line":321,"column":38},"skip":true},"82":{"start":{"line":322,"column":12},"end":{"line":322,"column":27},"skip":true},"83":{"start":{"line":324,"column":8},"end":{"line":324,"column":14},"skip":true}},"branchMap":{"1":{"line":39,"type":"binary-expr","locations":[{"start":{"line":39,"column":23},"end":{"line":39,"column":62}},{"start":{"line":40,"column":20},"end":{"line":40,"column":70}},{"start":{"line":41,"column":20},"end":{"line":41,"column":71}},{"start":{"line":42,"column":20},"end":{"line":42,"column":29}}]},"2":{"line":44,"type":"binary-expr","locations":[{"start":{"line":44,"column":23},"end":{"line":44,"column":37}},{"start":{"line":45,"column":20},"end":{"line":45,"column":61}},{"start":{"line":46,"column":20},"end":{"line":46,"column":70}},{"start":{"line":47,"column":20},"end":{"line":47,"column":26}}]},"3":{"line":51,"type":"cond-expr","locations":[{"start":{"line":52,"column":14},"end":{"line":52,"column":20}},{"start":{"line":53,"column":14},"end":{"line":53,"column":20}}]},"4":{"line":55,"type":"binary-expr","locations":[{"start":{"line":55,"column":16},"end":{"line":55,"column":44}},{"start":{"line":55,"column":49},"end":{"line":57,"column":43}}]},"5":{"line":55,"type":"cond-expr","locations":[{"start":{"line":56,"column":14},"end":{"line":56,"column":48}},{"start":{"line":57,"column":14},"end":{"line":57,"column":43}}]},"6":{"line":61,"type":"switch","locations":[{"start":{"line":68,"column":4},"end":{"line":150,"column":14},"skip":true},{"start":{"line":156,"column":4},"end":{"line":324,"column":14},"skip":true}]},"7":{"line":70,"type":"if","locations":[{"start":{"line":70,"column":12},"end":{"line":70,"column":12},"skip":true},{"start":{"line":70,"column":12},"end":{"line":70,"column":12},"skip":true}]},"8":{"line":70,"type":"binary-expr","locations":[{"start":{"line":70,"column":16},"end":{"line":70,"column":22},"skip":true},{"start":{"line":70,"column":27},"end":{"line":70,"column":32},"skip":true},{"start":{"line":71,"column":20},"end":{"line":71,"column":39},"skip":true},{"start":{"line":72,"column":20},"end":{"line":72,"column":49},"skip":true},{"start":{"line":73,"column":20},"end":{"line":73,"column":58},"skip":true},{"start":{"line":74,"column":20},"end":{"line":74,"column":69},"skip":true}]},"9":{"line":79,"type":"switch","locations":[{"start":{"line":80,"column":20},"end":{"line":80,"column":33},"skip":true},{"start":{"line":81,"column":20},"end":{"line":83,"column":30},"skip":true},{"start":{"line":84,"column":20},"end":{"line":85,"column":49},"skip":true}]},"10":{"line":89,"type":"switch","locations":[{"start":{"line":90,"column":12},"end":{"line":103,"column":22},"skip":true},{"start":{"line":105,"column":12},"end":{"line":106,"column":22},"skip":true}]},"11":{"line":89,"type":"binary-expr","locations":[{"start":{"line":89,"column":20},"end":{"line":89,"column":25},"skip":true},{"start":{"line":89,"column":29},"end":{"line":89,"column":48},"skip":true},{"start":{"line":89,"column":52},"end":{"line":89,"column":74},"skip":true}]},"12":{"line":92,"type":"if","locations":[{"start":{"line":92,"column":16},"end":{"line":92,"column":16},"skip":true},{"start":{"line":92,"column":16},"end":{"line":92,"column":16},"skip":true}]},"13":{"line":108,"type":"if","locations":[{"start":{"line":108,"column":12},"end":{"line":108,"column":12},"skip":true},{"start":{"line":108,"column":12},"end":{"line":108,"column":12},"skip":true}]},"14":{"line":108,"type":"binary-expr","locations":[{"start":{"line":108,"column":16},"end":{"line":108,"column":61},"skip":true},{"start":{"line":108,"column":66},"end":{"line":108,"column":72},"skip":true},{"start":{"line":108,"column":77},"end":{"line":108,"column":82},"skip":true},{"start":{"line":109,"column":20},"end":{"line":109,"column":39},"skip":true},{"start":{"line":110,"column":20},"end":{"line":110,"column":49},"skip":true},{"start":{"line":111,"column":20},"end":{"line":111,"column":58},"skip":true},{"start":{"line":112,"column":20},"end":{"line":112,"column":68},"skip":true}]},"15":{"line":129,"type":"if","locations":[{"start":{"line":129,"column":16},"end":{"line":129,"column":16},"skip":true},{"start":{"line":129,"column":16},"end":{"line":129,"column":16},"skip":true}]},"16":{"line":134,"type":"cond-expr","locations":[{"start":{"line":135,"column":26},"end":{"line":135,"column":29},"skip":true},{"start":{"line":136,"column":26},"end":{"line":136,"column":54},"skip":true}]},"17":{"line":164,"type":"binary-expr","locations":[{"start":{"line":164,"column":27},"end":{"line":164,"column":43},"skip":true},{"start":{"line":164,"column":47},"end":{"line":164,"column":49},"skip":true}]},"18":{"line":258,"type":"if","locations":[{"start":{"line":258,"column":8},"end":{"line":258,"column":8},"skip":true},{"start":{"line":258,"column":8},"end":{"line":258,"column":8},"skip":true}]},"19":{"line":275,"type":"switch","locations":[{"start":{"line":276,"column":20},"end":{"line":277,"column":64},"skip":true},{"start":{"line":278,"column":20},"end":{"line":279,"column":40},"skip":true},{"start":{"line":280,"column":20},"end":{"line":281,"column":40},"skip":true},{"start":{"line":282,"column":20},"end":{"line":283,"column":39},"skip":true}]},"20":{"line":288,"type":"if","locations":[{"start":{"line":288,"column":8},"end":{"line":288,"column":8},"skip":true},{"start":{"line":288,"column":8},"end":{"line":288,"column":8},"skip":true}]},"21":{"line":288,"type":"binary-expr","locations":[{"start":{"line":288,"column":12},"end":{"line":288,"column":40},"skip":true},{"start":{"line":288,"column":44},"end":{"line":288,"column":67},"skip":true}]},"22":{"line":292,"type":"binary-expr","locations":[{"start":{"line":292,"column":12},"end":{"line":292,"column":50},"skip":true},{"start":{"line":293,"column":12},"end":{"line":293,"column":53},"skip":true}]},"23":{"line":297,"type":"binary-expr","locations":[{"start":{"line":297,"column":12},"end":{"line":297,"column":62},"skip":true},{"start":{"line":298,"column":12},"end":{"line":301,"column":36},"skip":true}]},"24":{"line":303,"type":"binary-expr","locations":[{"start":{"line":303,"column":43},"end":{"line":303,"column":75},"skip":true},{"start":{"line":303,"column":79},"end":{"line":303,"column":81},"skip":true}]},"25":{"line":306,"type":"if","locations":[{"start":{"line":306,"column":8},"end":{"line":306,"column":8},"skip":true},{"start":{"line":306,"column":8},"end":{"line":306,"column":8},"skip":true}]},"26":{"line":310,"type":"if","locations":[{"start":{"line":310,"column":8},"end":{"line":310,"column":8},"skip":true},{"start":{"line":310,"column":8},"end":{"line":310,"column":8},"skip":true}]},"27":{"line":313,"type":"binary-expr","locations":[{"start":{"line":313,"column":27},"end":{"line":313,"column":43},"skip":true},{"start":{"line":313,"column":47},"end":{"line":313,"column":53},"skip":true}]},"28":{"line":317,"type":"if","locations":[{"start":{"line":317,"column":12},"end":{"line":317,"column":12},"skip":true},{"start":{"line":317,"column":12},"end":{"line":317,"column":12},"skip":true}]}},"code":["/*","example.js","","quickstart example","","instruction","    1. save this script as example.js","    2. run the shell command:","        $ npm install npmtest-oboe && PORT=8081 node example.js","    3. play with the browser-demo on http://127.0.0.1:8081","*/","","","","/* istanbul instrument in package npmtest_oboe */","/*jslint","    bitwise: true,","    browser: true,","    maxerr: 8,","    maxlen: 96,","    node: true,","    nomen: true,","    regexp: true,","    stupid: true","*/","(function () {","    'use strict';","    var local;","","","","    // run shared js-env code - init-before","    (function () {","        // init local","        local = {};","        // init modeJs","        local.modeJs = (function () {","            try {","                return typeof navigator.userAgent === 'string' &&","                    typeof document.querySelector('body') === 'object' &&","                    typeof XMLHttpRequest.prototype.open === 'function' &&","                    'browser';","            } catch (errorCaughtBrowser) {","                return module.exports &&","                    typeof process.versions.node === 'string' &&","                    typeof require('http').createServer === 'function' &&","                    'node';","            }","        }());","        // init global","        local.global = local.modeJs === 'browser'","            ? window","            : global;","        // init utility2_rollup","        local = local.global.utility2_rollup || (local.modeJs === 'browser'","            ? local.global.utility2_npmtest_oboe","            : global.utility2_moduleExports);","        // export local","        local.global.local = local;","    }());","    switch (local.modeJs) {","","","","    // init-after","    // run browser js-env code - init-after","    /* istanbul ignore next */","    case 'browser':","        local.testRunBrowser = function (event) {","            if (!event || (event &&","                    event.currentTarget &&","                    event.currentTarget.className &&","                    event.currentTarget.className.includes &&","                    event.currentTarget.className.includes('onreset'))) {","                // reset output","                Array.from(","                    document.querySelectorAll('body > .resettable')","                ).forEach(function (element) {","                    switch (element.tagName) {","                    case 'INPUT':","                    case 'TEXTAREA':","                        element.value = '';","                        break;","                    default:","                        element.textContent = '';","                    }","                });","            }","            switch (event && event.currentTarget && event.currentTarget.id) {","            case 'testRunButton1':","                // show tests","                if (document.querySelector('#testReportDiv1').style.display === 'none') {","                    document.querySelector('#testReportDiv1').style.display = 'block';","                    document.querySelector('#testRunButton1').textContent =","                        'hide internal test';","                    local.modeTest = true;","                    local.testRunDefault(local);","                // hide tests","                } else {","                    document.querySelector('#testReportDiv1').style.display = 'none';","                    document.querySelector('#testRunButton1').textContent = 'run internal test';","                }","                break;","            // custom-case","            default:","                break;","            }","            if (document.querySelector('#inputTextareaEval1') && (!event || (event &&","                    event.currentTarget &&","                    event.currentTarget.className &&","                    event.currentTarget.className.includes &&","                    event.currentTarget.className.includes('oneval')))) {","                // try to eval input-code","                try {","                    /*jslint evil: true*/","                    eval(document.querySelector('#inputTextareaEval1').value);","                } catch (errorCaught) {","                    console.error(errorCaught);","                }","            }","        };","        // log stderr and stdout to #outputTextareaStdout1","        ['error', 'log'].forEach(function (key) {","            console[key + '_original'] = console[key];","            console[key] = function () {","                var element;","                console[key + '_original'].apply(console, arguments);","                element = document.querySelector('#outputTextareaStdout1');","                if (!element) {","                    return;","                }","                // append text to #outputTextareaStdout1","                element.value += Array.from(arguments).map(function (arg) {","                    return typeof arg === 'string'","                        ? arg","                        : JSON.stringify(arg, null, 4);","                }).join(' ') + '\\n';","                // scroll textarea to bottom","                element.scrollTop = element.scrollHeight;","            };","        });","        // init event-handling","        ['change', 'click', 'keyup'].forEach(function (event) {","            Array.from(document.querySelectorAll('.on' + event)).forEach(function (element) {","                element.addEventListener(event, local.testRunBrowser);","            });","        });","        // run tests","        local.testRunBrowser();","        break;","","","","    // run node js-env code - init-after","    /* istanbul ignore next */","    case 'node':","        // export local","        module.exports = local;","        // require modules","        local.fs = require('fs');","        local.http = require('http');","        local.url = require('url');","        // init assets","        local.assetsDict = local.assetsDict || {};","        /* jslint-ignore-begin */","        local.assetsDict['/assets.index.template.html'] = '\\","<!doctype html>\\n\\","<html lang=\"en\">\\n\\","<head>\\n\\","<meta charset=\"UTF-8\">\\n\\","<meta name=\"viewport\" content=\"width=device-width, initial-scale=1\">\\n\\","<title>{{env.npm_package_name}} (v{{env.npm_package_version}})</title>\\n\\","<style>\\n\\","/*csslint\\n\\","    box-sizing: false,\\n\\","    universal-selector: false\\n\\","*/\\n\\","* {\\n\\","    box-sizing: border-box;\\n\\","}\\n\\","body {\\n\\","    background: #dde;\\n\\","    font-family: Arial, Helvetica, sans-serif;\\n\\","    margin: 2rem;\\n\\","}\\n\\","body > * {\\n\\","    margin-bottom: 1rem;\\n\\","}\\n\\",".utility2FooterDiv {\\n\\","    margin-top: 20px;\\n\\","    text-align: center;\\n\\","}\\n\\","</style>\\n\\","<style>\\n\\","/*csslint\\n\\","*/\\n\\","textarea {\\n\\","    font-family: monospace;\\n\\","    height: 10rem;\\n\\","    width: 100%;\\n\\","}\\n\\","textarea[readonly] {\\n\\","    background: #ddd;\\n\\","}\\n\\","</style>\\n\\","</head>\\n\\","<body>\\n\\","<!-- utility2-comment\\n\\","<div id=\"ajaxProgressDiv1\" style=\"background: #d00; height: 2px; left: 0; margin: 0; padding: 0; position: fixed; top: 0; transition: background 0.5s, width 1.5s; width: 25%;\"></div>\\n\\","utility2-comment -->\\n\\","<h1>\\n\\","<!-- utility2-comment\\n\\","    <a\\n\\","        {{#if env.npm_package_homepage}}\\n\\","        href=\"{{env.npm_package_homepage}}\"\\n\\","        {{/if env.npm_package_homepage}}\\n\\","        target=\"_blank\"\\n\\","    >\\n\\","utility2-comment -->\\n\\","        {{env.npm_package_name}} (v{{env.npm_package_version}})\\n\\","<!-- utility2-comment\\n\\","    </a>\\n\\","utility2-comment -->\\n\\","</h1>\\n\\","<h3>{{env.npm_package_description}}</h3>\\n\\","<!-- utility2-comment\\n\\","<h4><a download href=\"assets.app.js\">download standalone app</a></h4>\\n\\","<button class=\"onclick onreset\" id=\"testRunButton1\">run internal test</button><br>\\n\\","<div id=\"testReportDiv1\" style=\"display: none;\"></div>\\n\\","utility2-comment -->\\n\\","\\n\\","\\n\\","\\n\\","<label>stderr and stdout</label>\\n\\","<textarea class=\"resettable\" id=\"outputTextareaStdout1\" readonly></textarea>\\n\\","<!-- utility2-comment\\n\\","{{#if isRollup}}\\n\\","<script src=\"assets.app.js\"></script>\\n\\","{{#unless isRollup}}\\n\\","utility2-comment -->\\n\\","<script src=\"assets.utility2.rollup.js\"></script>\\n\\","<script src=\"jsonp.utility2._stateInit?callback=window.utility2._stateInit\"></script>\\n\\","<script src=\"assets.npmtest_oboe.rollup.js\"></script>\\n\\","<script src=\"assets.example.js\"></script>\\n\\","<script src=\"assets.test.js\"></script>\\n\\","<!-- utility2-comment\\n\\","{{/if isRollup}}\\n\\","utility2-comment -->\\n\\","<div class=\"utility2FooterDiv\">\\n\\","    [ this app was created with\\n\\","    <a href=\"https://github.com/kaizhu256/node-utility2\" target=\"_blank\">utility2</a>\\n\\","    ]\\n\\","</div>\\n\\","</body>\\n\\","</html>\\n\\","';","        /* jslint-ignore-end */","        if (local.templateRender) {","            local.assetsDict['/'] = local.templateRender(","                local.assetsDict['/assets.index.template.html'],","                {","                    env: local.objectSetDefault(local.env, {","                        npm_package_description: 'the greatest app in the world!',","                        npm_package_name: 'my-app',","                        npm_package_nameAlias: 'my_app',","                        npm_package_version: '0.0.1'","                    })","                }","            );","        } else {","            local.assetsDict['/'] = local.assetsDict['/assets.index.template.html']","                .replace((/\\{\\{env\\.(\\w+?)\\}\\}/g), function (match0, match1) {","                    // jslint-hack","                    String(match0);","                    switch (match1) {","                    case 'npm_package_description':","                        return 'the greatest app in the world!';","                    case 'npm_package_name':","                        return 'my-app';","                    case 'npm_package_nameAlias':","                        return 'my_app';","                    case 'npm_package_version':","                        return '0.0.1';","                    }","                });","        }","        // run the cli","        if (local.global.utility2_rollup || module !== require.main) {","            break;","        }","        local.assetsDict['/assets.example.js'] =","            local.assetsDict['/assets.example.js'] ||","            local.fs.readFileSync(__filename, 'utf8');","        // bug-workaround - long $npm_package_buildCustomOrg","        /* jslint-ignore-begin */","        local.assetsDict['/assets.npmtest_oboe.rollup.js'] =","            local.assetsDict['/assets.npmtest_oboe.rollup.js'] ||","            local.fs.readFileSync(","                local.npmtest_oboe.__dirname + '/lib.npmtest_oboe.js',","                'utf8'","            ).replace((/^#!/), '//');","        /* jslint-ignore-end */","        local.assetsDict['/favicon.ico'] = local.assetsDict['/favicon.ico'] || '';","        // if $npm_config_timeout_exit exists,","        // then exit this process after $npm_config_timeout_exit ms","        if (Number(process.env.npm_config_timeout_exit)) {","            setTimeout(process.exit, Number(process.env.npm_config_timeout_exit));","        }","        // start server","        if (local.global.utility2_serverHttp1) {","            break;","        }","        process.env.PORT = process.env.PORT || '8081';","        console.error('server starting on port ' + process.env.PORT);","        local.http.createServer(function (request, response) {","            request.urlParsed = local.url.parse(request.url);","            if (local.assetsDict[request.urlParsed.pathname] !== undefined) {","                response.end(local.assetsDict[request.urlParsed.pathname]);","                return;","            }","            response.statusCode = 404;","            response.end();","        }).listen(process.env.PORT);","        break;","    }","}());",""],"l":{"26":2,"28":2,"33":2,"35":2,"37":2,"38":2,"39":2,"44":1,"51":2,"55":2,"59":2,"61":2,"69":1,"70":2,"76":2,"79":2,"82":2,"83":2,"85":1,"89":2,"92":1,"93":1,"94":1,"96":1,"97":1,"100":1,"101":1,"103":1,"106":1,"108":2,"114":1,"116":1,"118":1,"123":1,"124":2,"125":2,"126":3,"127":3,"128":3,"129":3,"130":1,"133":3,"134":3,"139":3,"143":1,"144":3,"145":1,"149":1,"150":1,"158":1,"160":1,"161":1,"162":1,"164":1,"166":1,"258":1,"259":1,"271":1,"274":6,"275":6,"277":1,"279":2,"281":1,"283":2,"288":1,"289":1,"291":1,"296":1,"303":1,"306":1,"307":1,"310":1,"311":1,"313":1,"314":1,"315":1,"316":1,"317":1,"318":1,"319":1,"321":1,"322":1,"324":1}},"/home/travis/build/npmtest/node-npmtest-oboe/node_modules/oboe/dist/oboe-node.js":{"path":"/home/travis/build/npmtest/node-npmtest-oboe/node_modules/oboe/dist/oboe-node.js","s":{"1":1,"2":1,"3":6,"4":6,"5":0,"6":0,"7":0,"8":0,"9":0,"10":1,"11":0,"12":0,"13":0,"14":1,"15":2,"16":0,"17":1,"18":13,"19":41,"20":1,"21":2,"22":0,"23":0,"24":0,"25":0,"26":0,"27":1,"28":0,"29":1,"30":13,"31":13,"32":12,"33":15,"34":1,"35":1,"36":6,"37":0,"38":0,"39":0,"40":0,"41":0,"42":0,"43":1,"44":5,"45":8,"46":1,"47":0,"48":0,"49":1,"50":1,"51":0,"52":1,"53":1,"54":0,"55":1,"56":0,"57":1,"58":1,"59":0,"60":1,"61":0,"62":0,"63":1,"64":16,"65":1,"66":1,"67":5,"68":1,"69":1,"70":0,"71":0,"72":0,"73":1,"74":0,"75":1,"76":0,"77":1,"78":0,"79":1,"80":0,"81":1,"82":0,"83":1,"84":0,"85":1,"86":0,"87":0,"88":0,"89":1,"90":1,"91":13,"92":5,"93":8,"94":5,"95":1,"96":0,"97":1,"98":0,"99":1,"100":0,"101":0,"102":0,"103":0,"104":0,"105":0,"106":0,"107":0,"108":0,"109":0,"110":1,"111":0,"112":0,"113":0,"114":0,"115":0,"116":0,"117":1,"118":0,"119":0,"120":0,"121":0,"122":0,"123":0,"124":0,"125":0,"126":0,"127":0,"128":0,"129":0,"130":1,"131":0,"132":1,"133":0,"134":0,"135":0,"136":0,"137":0,"138":0,"139":0,"140":0,"141":0,"142":0,"143":0,"144":0,"145":0,"146":0,"147":0,"148":0,"149":0,"150":0,"151":0,"152":0,"153":0,"154":0,"155":0,"156":0,"157":0,"158":0,"159":0,"160":0,"161":0,"162":0,"163":0,"164":0,"165":0,"166":0,"167":0,"168":0,"169":0,"170":0,"171":0,"172":0,"173":0,"174":0,"175":0,"176":0,"177":0,"178":0,"179":0,"180":0,"181":0,"182":0,"183":0,"184":0,"185":0,"186":0,"187":0,"188":0,"189":0,"190":0,"191":0,"192":0,"193":0,"194":0,"195":0,"196":0,"197":0,"198":0,"199":0,"200":0,"201":0,"202":0,"203":0,"204":0,"205":0,"206":0,"207":0,"208":0,"209":0,"210":0,"211":0,"212":0,"213":0,"214":0,"215":0,"216":0,"217":0,"218":0,"219":0,"220":0,"221":0,"222":0,"223":0,"224":0,"225":0,"226":0,"227":0,"228":0,"229":0,"230":0,"231":0,"232":0,"233":0,"234":0,"235":0,"236":0,"237":0,"238":0,"239":0,"240":0,"241":0,"242":0,"243":0,"244":0,"245":0,"246":0,"247":0,"248":0,"249":0,"250":0,"251":0,"252":0,"253":0,"254":0,"255":0,"256":0,"257":0,"258":0,"259":0,"260":0,"261":0,"262":0,"263":0,"264":0,"265":0,"266":0,"267":0,"268":0,"269":0,"270":0,"271":0,"272":0,"273":0,"274":0,"275":0,"276":0,"277":0,"278":0,"279":0,"280":0,"281":0,"282":0,"283":0,"284":0,"285":0,"286":0,"287":0,"288":0,"289":0,"290":0,"291":0,"292":0,"293":0,"294":0,"295":0,"296":0,"297":0,"298":0,"299":0,"300":0,"301":0,"302":0,"303":0,"304":0,"305":0,"306":0,"307":0,"308":0,"309":0,"310":0,"311":0,"312":0,"313":0,"314":0,"315":0,"316":0,"317":0,"318":0,"319":0,"320":0,"321":0,"322":0,"323":0,"324":0,"325":0,"326":0,"327":0,"328":0,"329":0,"330":0,"331":0,"332":0,"333":0,"334":0,"335":0,"336":0,"337":0,"338":0,"339":0,"340":0,"341":0,"342":0,"343":0,"344":0,"345":0,"346":0,"347":0,"348":0,"349":0,"350":0,"351":0,"352":0,"353":0,"354":0,"355":0,"356":0,"357":0,"358":0,"359":0,"360":0,"361":0,"362":0,"363":0,"364":0,"365":0,"366":0,"367":0,"368":0,"369":0,"370":0,"371":0,"372":0,"373":0,"374":0,"375":0,"376":0,"377":0,"378":0,"379":0,"380":0,"381":0,"382":0,"383":0,"384":0,"385":0,"386":0,"387":0,"388":0,"389":0,"390":0,"391":0,"392":0,"393":0,"394":0,"395":0,"396":0,"397":0,"398":0,"399":0,"400":0,"401":0,"402":0,"403":0,"404":0,"405":0,"406":0,"407":0,"408":0,"409":1,"410":0,"411":1,"412":0,"413":0,"414":0,"415":0,"416":0,"417":0,"418":0,"419":0,"420":0,"421":0,"422":0,"423":0,"424":0,"425":0,"426":0,"427":0,"428":0,"429":1,"430":1,"431":0,"432":1,"433":0,"434":0,"435":0,"436":0,"437":0,"438":0,"439":1,"440":0,"441":0,"442":0,"443":0,"444":0,"445":1,"446":0,"447":0,"448":1,"449":0,"450":0,"451":0,"452":0,"453":0,"454":0,"455":0,"456":0,"457":0,"458":0,"459":0,"460":0,"461":0,"462":0,"463":0,"464":0,"465":0,"466":0,"467":0,"468":0,"469":0,"470":1,"471":1,"472":8,"473":8,"474":8,"475":1,"476":1,"477":1,"478":0,"479":1,"480":1,"481":1,"482":1,"483":0,"484":1,"485":0,"486":0,"487":1,"488":0,"489":0,"490":0,"491":0,"492":0,"493":0,"494":1,"495":0,"496":1,"497":0,"498":0,"499":0,"500":0,"501":0,"502":1,"503":0,"504":0,"505":0,"506":0,"507":0,"508":0,"509":0,"510":1,"511":1,"512":1,"513":1,"514":1,"515":1,"516":0,"517":0,"518":0,"519":1,"520":0,"521":0,"522":0,"523":0,"524":0,"525":1,"526":0,"527":0,"528":0,"529":0,"530":1,"531":0,"532":0,"533":1,"534":0,"535":0,"536":1,"537":0,"538":0,"539":0,"540":0,"541":0,"542":1,"543":0,"544":0,"545":1,"546":0,"547":0,"548":0,"549":1,"550":0,"551":0,"552":1,"553":0,"554":0,"555":0,"556":0,"557":1,"558":5,"559":1,"560":0,"561":1,"562":0,"563":1,"564":0,"565":0,"566":1,"567":0,"568":0,"569":0,"570":1,"571":0,"572":1,"573":0,"574":0,"575":0,"576":0,"577":0,"578":0,"579":0,"580":0,"581":0,"582":0,"583":0,"584":0,"585":0,"586":0,"587":0,"588":0,"589":0,"590":0,"591":0,"592":0,"593":0,"594":1,"595":0,"596":1,"597":0,"598":1,"599":0,"600":0,"601":0,"602":0,"603":0,"604":1,"605":1,"606":0,"607":0,"608":0,"609":1,"610":0,"611":1,"612":0,"613":0,"614":1,"615":0,"616":0,"617":0,"618":0,"619":0,"620":0,"621":0,"622":0,"623":0,"624":0,"625":0,"626":0,"627":0,"628":0,"629":0,"630":1,"631":0,"632":0,"633":0,"634":0,"635":0,"636":0,"637":0,"638":0,"639":0,"640":0,"641":0,"642":0,"643":0,"644":0,"645":0,"646":1,"647":0,"648":0,"649":1,"650":0,"651":0,"652":0,"653":0,"654":0,"655":0,"656":0,"657":0,"658":0,"659":0,"660":0,"661":1,"662":0,"663":0,"664":0,"665":0,"666":0,"667":1,"668":0,"669":1,"670":0,"671":0,"672":0,"673":0,"674":0,"675":0,"676":1,"677":0,"678":0,"679":0,"680":0,"681":0,"682":1,"683":0,"684":0,"685":1,"686":0,"687":0,"688":0,"689":0,"690":0,"691":0,"692":0,"693":0,"694":0,"695":0,"696":1,"697":0,"698":0,"699":0,"700":0,"701":0,"702":0,"703":0,"704":1,"705":0,"706":0,"707":0,"708":0,"709":0,"710":0,"711":1,"712":0,"713":0,"714":0,"715":0,"716":0,"717":0,"718":0,"719":1,"720":0,"721":0,"722":0,"723":0,"724":0,"725":0,"726":1,"727":0,"728":1},"b":{"1":[0,0],"2":[12,1],"3":[1,0],"4":[0,0],"5":[0,0],"6":[0,0],"7":[0,0],"8":[0,0],"9":[0,0],"10":[0,0],"11":[0,0],"12":[0,0],"13":[0,0,0],"14":[0,0],"15":[5,8],"16":[0,0],"17":[0,0],"18":[0,0],"19":[0,0],"20":[0,0],"21":[0,0],"22":[0,0],"23":[0,0],"24":[0,0],"25":[0,0],"26":[0,0,0,0],"27":[0,0],"28":[0,0],"29":[0,0],"30":[0,0],"31":[0,0,0,0,0,0,0,0,0,0,0,0,0,0,0,0,0,0,0,0,0,0],"32":[0,0],"33":[0,0],"34":[0,0],"35":[0,0],"36":[0,0],"37":[0,0],"38":[0,0],"39":[0,0],"40":[0,0],"41":[0,0],"42":[0,0],"43":[0,0],"44":[0,0],"45":[0,0],"46":[0,0],"47":[0,0],"48":[0,0],"49":[0,0],"50":[0,0],"51":[0,0],"52":[0,0],"53":[0,0],"54":[0,0],"55":[0,0],"56":[0,0],"57":[0,0],"58":[0,0],"59":[0,0],"60":[0,0],"61":[0,0],"62":[0,0],"63":[0,0],"64":[0,0],"65":[0,0],"66":[0,0],"67":[0,0],"68":[0,0],"69":[0,0],"70":[0,0],"71":[0,0],"72":[0,0],"73":[0,0],"74":[0,0],"75":[0,0],"76":[0,0],"77":[0,0],"78":[0,0],"79":[0,0],"80":[0,0],"81":[0,0],"82":[0,0],"83":[0,0],"84":[0,0],"85":[0,0],"86":[0,0],"87":[0,0],"88":[0,0],"89":[0,0],"90":[0,0],"91":[0,0],"92":[0,0],"93":[0,0],"94":[0,0],"95":[0,0],"96":[0,0],"97":[0,0],"98":[0,0],"99":[0,0],"100":[0,0],"101":[0,0],"102":[0,0],"103":[0,0],"104":[0,0],"105":[0,0],"106":[0,0],"107":[0,0],"108":[0,0],"109":[0,0],"110":[0,0],"111":[0,0],"112":[0,0],"113":[0,0],"114":[0,0],"115":[0,0],"116":[0,0],"117":[0,0],"118":[0,0],"119":[0,0],"120":[0,0],"121":[0,0],"122":[0,0],"123":[0,0],"124":[0,0],"125":[0,0],"126":[0,0],"127":[0,0],"128":[0,0],"129":[0,0],"130":[0,0],"131":[0,0],"132":[0,0],"133":[0,0],"134":[0,0],"135":[0,0],"136":[0,0],"137":[0,0],"138":[0,0],"139":[0,0],"140":[0,0],"141":[0,0],"142":[0,0],"143":[0,0],"144":[0,0],"145":[0,0],"146":[0,0],"147":[0,0],"148":[0,0],"149":[0,0],"150":[0,0],"151":[0,0],"152":[0,0],"153":[0,0],"154":[0,0],"155":[0,0],"156":[0,0],"157":[0,0],"158":[0,0],"159":[0,0],"160":[0,0],"161":[0,0],"162":[0,0],"163":[0,0],"164":[0,0],"165":[0,0],"166":[0,0],"167":[0,0],"168":[0,0],"169":[0,0],"170":[0,0],"171":[0,0],"172":[0,0],"173":[0,0],"174":[0,0],"175":[0,0],"176":[0,0],"177":[0,0],"178":[0,0],"179":[0,0],"180":[0,0],"181":[0,0],"182":[0,0]},"f":{"1":1,"2":6,"3":0,"4":0,"5":0,"6":0,"7":2,"8":0,"9":13,"10":41,"11":2,"12":0,"13":0,"14":13,"15":15,"16":6,"17":0,"18":5,"19":8,"20":0,"21":0,"22":0,"23":0,"24":1,"25":0,"26":0,"27":0,"28":0,"29":0,"30":16,"31":5,"32":0,"33":0,"34":0,"35":0,"36":0,"37":0,"38":0,"39":0,"40":0,"41":5,"42":13,"43":0,"44":0,"45":0,"46":0,"47":0,"48":0,"49":0,"50":0,"51":0,"52":0,"53":0,"54":0,"55":0,"56":0,"57":0,"58":0,"59":0,"60":0,"61":0,"62":0,"63":0,"64":0,"65":0,"66":0,"67":0,"68":0,"69":1,"70":8,"71":8,"72":1,"73":0,"74":0,"75":0,"76":0,"77":0,"78":0,"79":0,"80":1,"81":0,"82":0,"83":0,"84":0,"85":0,"86":0,"87":0,"88":0,"89":0,"90":0,"91":0,"92":0,"93":0,"94":0,"95":0,"96":5,"97":0,"98":0,"99":0,"100":0,"101":0,"102":0,"103":0,"104":0,"105":0,"106":0,"107":0,"108":0,"109":0,"110":0,"111":0,"112":0,"113":0,"114":0,"115":0,"116":0,"117":0,"118":0,"119":0,"120":0,"121":0,"122":0,"123":0,"124":0,"125":0,"126":0,"127":0,"128":0,"129":0,"130":0,"131":0,"132":0,"133":0,"134":0,"135":0,"136":0,"137":0,"138":0,"139":0,"140":0,"141":0,"142":0,"143":0,"144":0,"145":0,"146":0},"fnMap":{"1":{"name":"(anonymous_1)","line":4,"loc":{"start":{"line":4,"column":18},"end":{"line":4,"column":31}}},"2":{"name":"(anonymous_2)","line":53,"loc":{"start":{"line":53,"column":30},"end":{"line":53,"column":51}}},"3":{"name":"(anonymous_3)","line":61,"loc":{"start":{"line":61,"column":21},"end":{"line":61,"column":42}}},"4":{"name":"(anonymous_4)","line":82,"loc":{"start":{"line":82,"column":21},"end":{"line":82,"column":35}}},"5":{"name":"next","line":86,"loc":{"start":{"line":86,"column":6},"end":{"line":86,"column":35}}},"6":{"name":"(anonymous_6)","line":90,"loc":{"start":{"line":90,"column":21},"end":{"line":90,"column":42}}},"7":{"name":"compose2","line":101,"loc":{"start":{"line":101,"column":0},"end":{"line":101,"column":25}}},"8":{"name":"(anonymous_8)","line":102,"loc":{"start":{"line":102,"column":10},"end":{"line":102,"column":20}}},"9":{"name":"attr","line":120,"loc":{"start":{"line":120,"column":0},"end":{"line":120,"column":19}}},"10":{"name":"(anonymous_10)","line":121,"loc":{"start":{"line":121,"column":10},"end":{"line":121,"column":22}}},"11":{"name":"(anonymous_11)","line":138,"loc":{"start":{"line":138,"column":27},"end":{"line":138,"column":41}}},"12":{"name":"(anonymous_12)","line":140,"loc":{"start":{"line":140,"column":21},"end":{"line":140,"column":37}}},"13":{"name":"apply","line":170,"loc":{"start":{"line":170,"column":0},"end":{"line":170,"column":25}}},"14":{"name":"varArgs","line":196,"loc":{"start":{"line":196,"column":0},"end":{"line":196,"column":20}}},"15":{"name":"(anonymous_15)","line":205,"loc":{"start":{"line":205,"column":13},"end":{"line":205,"column":23}}},"16":{"name":"(anonymous_16)","line":212,"loc":{"start":{"line":212,"column":13},"end":{"line":212,"column":23}}},"17":{"name":"(anonymous_17)","line":224,"loc":{"start":{"line":224,"column":10},"end":{"line":224,"column":20}}},"18":{"name":"flip","line":243,"loc":{"start":{"line":243,"column":0},"end":{"line":243,"column":17}}},"19":{"name":"(anonymous_19)","line":244,"loc":{"start":{"line":244,"column":10},"end":{"line":244,"column":24}}},"20":{"name":"lazyIntersection","line":256,"loc":{"start":{"line":256,"column":0},"end":{"line":256,"column":36}}},"21":{"name":"(anonymous_21)","line":258,"loc":{"start":{"line":258,"column":10},"end":{"line":258,"column":27}}},"22":{"name":"noop","line":267,"loc":{"start":{"line":267,"column":0},"end":{"line":267,"column":15}}},"23":{"name":"always","line":272,"loc":{"start":{"line":272,"column":0},"end":{"line":272,"column":17}}},"24":{"name":"functor","line":284,"loc":{"start":{"line":284,"column":0},"end":{"line":284,"column":21}}},"25":{"name":"(anonymous_25)","line":285,"loc":{"start":{"line":285,"column":10},"end":{"line":285,"column":20}}},"26":{"name":"isOfType","line":299,"loc":{"start":{"line":299,"column":0},"end":{"line":299,"column":36}}},"27":{"name":"defined","line":317,"loc":{"start":{"line":317,"column":0},"end":{"line":317,"column":26}}},"28":{"name":"hasAllProperties","line":326,"loc":{"start":{"line":326,"column":0},"end":{"line":326,"column":40}}},"29":{"name":"(anonymous_29)","line":330,"loc":{"start":{"line":330,"column":19},"end":{"line":330,"column":36}}},"30":{"name":"cons","line":337,"loc":{"start":{"line":337,"column":0},"end":{"line":337,"column":21}}},"31":{"name":"arrayAsList","line":383,"loc":{"start":{"line":383,"column":0},"end":{"line":383,"column":32}}},"32":{"name":"listAsArray","line":408,"loc":{"start":{"line":408,"column":0},"end":{"line":408,"column":26}}},"33":{"name":"(anonymous_33)","line":410,"loc":{"start":{"line":410,"column":17},"end":{"line":410,"column":47}}},"34":{"name":"map","line":422,"loc":{"start":{"line":422,"column":0},"end":{"line":422,"column":23}}},"35":{"name":"foldR","line":435,"loc":{"start":{"line":435,"column":0},"end":{"line":435,"column":37}}},"36":{"name":"foldR1","line":448,"loc":{"start":{"line":448,"column":0},"end":{"line":448,"column":26}}},"37":{"name":"without","line":461,"loc":{"start":{"line":461,"column":0},"end":{"line":461,"column":40}}},"38":{"name":"withoutInner","line":465,"loc":{"start":{"line":465,"column":3},"end":{"line":465,"column":45}}},"39":{"name":"all","line":480,"loc":{"start":{"line":480,"column":0},"end":{"line":480,"column":23}}},"40":{"name":"applyEach","line":493,"loc":{"start":{"line":493,"column":0},"end":{"line":493,"column":33}}},"41":{"name":"reverseList","line":505,"loc":{"start":{"line":505,"column":0},"end":{"line":505,"column":26}}},"42":{"name":"reverseInner","line":509,"loc":{"start":{"line":509,"column":3},"end":{"line":509,"column":50}}},"43":{"name":"first","line":520,"loc":{"start":{"line":520,"column":0},"end":{"line":520,"column":27}}},"44":{"name":"clarinet","line":548,"loc":{"start":{"line":548,"column":0},"end":{"line":548,"column":28}}},"45":{"name":"checkBufferLength","line":604,"loc":{"start":{"line":604,"column":2},"end":{"line":604,"column":32}}},"46":{"name":"emitError","line":628,"loc":{"start":{"line":628,"column":2},"end":{"line":628,"column":35}}},"47":{"name":"handleStreamEnd","line":642,"loc":{"start":{"line":642,"column":2},"end":{"line":642,"column":29}}},"48":{"name":"whitespace","line":676,"loc":{"start":{"line":676,"column":2},"end":{"line":676,"column":24}}},"49":{"name":"handleData","line":680,"loc":{"start":{"line":680,"column":2},"end":{"line":680,"column":30}}},"50":{"name":"ascentManager","line":1040,"loc":{"start":{"line":1040,"column":0},"end":{"line":1040,"column":41}}},"51":{"name":"stateAfter","line":1046,"loc":{"start":{"line":1046,"column":3},"end":{"line":1046,"column":32}}},"52":{"name":"(anonymous_52)","line":1047,"loc":{"start":{"line":1047,"column":13},"end":{"line":1047,"column":28}}},"53":{"name":"(anonymous_53)","line":1057,"loc":{"start":{"line":1057,"column":25},"end":{"line":1057,"column":43}}},"54":{"name":"(anonymous_54)","line":1070,"loc":{"start":{"line":1070,"column":25},"end":{"line":1070,"column":36}}},"55":{"name":"(anonymous_55)","line":1084,"loc":{"start":{"line":1084,"column":24},"end":{"line":1084,"column":34}}},"56":{"name":"streamingHttp","line":1113,"loc":{"start":{"line":1113,"column":0},"end":{"line":1113,"column":81}}},"57":{"name":"readStreamToEventBus","line":1121,"loc":{"start":{"line":1121,"column":3},"end":{"line":1121,"column":49}}},"58":{"name":"(anonymous_58)","line":1124,"loc":{"start":{"line":1124,"column":32},"end":{"line":1124,"column":49}}},"59":{"name":"(anonymous_59)","line":1132,"loc":{"start":{"line":1132,"column":31},"end":{"line":1132,"column":42}}},"60":{"name":"readStreamToEnd","line":1141,"loc":{"start":{"line":1141,"column":3},"end":{"line":1141,"column":53}}},"61":{"name":"(anonymous_61)","line":1144,"loc":{"start":{"line":1144,"column":32},"end":{"line":1144,"column":49}}},"62":{"name":"(anonymous_62)","line":1149,"loc":{"start":{"line":1149,"column":31},"end":{"line":1149,"column":42}}},"63":{"name":"openUrlAsStream","line":1155,"loc":{"start":{"line":1155,"column":3},"end":{"line":1155,"column":35}}},"64":{"name":"fetchUrl","line":1169,"loc":{"start":{"line":1169,"column":3},"end":{"line":1169,"column":23}}},"65":{"name":"(anonymous_65)","line":1182,"loc":{"start":{"line":1182,"column":25},"end":{"line":1182,"column":38}}},"66":{"name":"(anonymous_66)","line":1193,"loc":{"start":{"line":1193,"column":33},"end":{"line":1193,"column":52}}},"67":{"name":"(anonymous_67)","line":1201,"loc":{"start":{"line":1201,"column":22},"end":{"line":1201,"column":34}}},"68":{"name":"(anonymous_68)","line":1207,"loc":{"start":{"line":1207,"column":28},"end":{"line":1207,"column":38}}},"69":{"name":"(anonymous_69)","line":1228,"loc":{"start":{"line":1228,"column":22},"end":{"line":1228,"column":33}}},"70":{"name":"regexDescriptor","line":1245,"loc":{"start":{"line":1245,"column":25},"end":{"line":1245,"column":57}}},"71":{"name":"(anonymous_71)","line":1255,"loc":{"start":{"line":1255,"column":32},"end":{"line":1255,"column":61}}},"72":{"name":"(anonymous_72)","line":1327,"loc":{"start":{"line":1327,"column":10},"end":{"line":1327,"column":23}}},"73":{"name":"namedNode","line":1349,"loc":{"start":{"line":1349,"column":0},"end":{"line":1349,"column":30}}},"74":{"name":"incrementalContentBuilder","line":1390,"loc":{"start":{"line":1390,"column":0},"end":{"line":1390,"column":46}}},"75":{"name":"arrayIndicesAreKeys","line":1397,"loc":{"start":{"line":1397,"column":3},"end":{"line":1397,"column":77}}},"76":{"name":"nodeOpened","line":1419,"loc":{"start":{"line":1419,"column":3},"end":{"line":1419,"column":49}}},"77":{"name":"appendBuiltContent","line":1451,"loc":{"start":{"line":1451,"column":3},"end":{"line":1451,"column":61}}},"78":{"name":"keyFound","line":1468,"loc":{"start":{"line":1468,"column":3},"end":{"line":1468,"column":66}}},"79":{"name":"nodeClosed","line":1492,"loc":{"start":{"line":1492,"column":3},"end":{"line":1492,"column":33}}},"80":{"name":"(anonymous_80)","line":1523,"loc":{"start":{"line":1523,"column":38},"end":{"line":1527,"column":62}}},"81":{"name":"nameClause","line":1543,"loc":{"start":{"line":1543,"column":3},"end":{"line":1543,"column":49}}},"82":{"name":"(anonymous_82)","line":1549,"loc":{"start":{"line":1549,"column":30},"end":{"line":1549,"column":46}}},"83":{"name":"duckTypeClause","line":1562,"loc":{"start":{"line":1562,"column":3},"end":{"line":1562,"column":52}}},"84":{"name":"capture","line":1585,"loc":{"start":{"line":1585,"column":3},"end":{"line":1585,"column":47}}},"85":{"name":"skip1","line":1604,"loc":{"start":{"line":1604,"column":3},"end":{"line":1604,"column":32}}},"86":{"name":"notAtRoot","line":1619,"loc":{"start":{"line":1619,"column":6},"end":{"line":1619,"column":32}}},"87":{"name":"skipMany","line":1646,"loc":{"start":{"line":1646,"column":3},"end":{"line":1646,"column":35}}},"88":{"name":"(anonymous_88)","line":1663,"loc":{"start":{"line":1663,"column":32},"end":{"line":1663,"column":49}}},"89":{"name":"rootExpr","line":1680,"loc":{"start":{"line":1680,"column":3},"end":{"line":1680,"column":23}}},"90":{"name":"(anonymous_90)","line":1682,"loc":{"start":{"line":1682,"column":13},"end":{"line":1682,"column":29}}},"91":{"name":"statementExpr","line":1694,"loc":{"start":{"line":1694,"column":3},"end":{"line":1694,"column":38}}},"92":{"name":"(anonymous_92)","line":1696,"loc":{"start":{"line":1696,"column":13},"end":{"line":1696,"column":30}}},"93":{"name":"expressionsReader","line":1716,"loc":{"start":{"line":1716,"column":3},"end":{"line":1716,"column":72}}},"94":{"name":"(anonymous_94)","line":1723,"loc":{"start":{"line":1723,"column":18},"end":{"line":1723,"column":56}}},"95":{"name":"generateClauseReaderIfTokenFound","line":1749,"loc":{"start":{"line":1749,"column":3},"end":{"line":1753,"column":67}}},"96":{"name":"clauseMatcher","line":1773,"loc":{"start":{"line":1773,"column":3},"end":{"line":1773,"column":48}}},"97":{"name":"(anonymous_97)","line":1810,"loc":{"start":{"line":1810,"column":6},"end":{"line":1810,"column":26}}},"98":{"name":"returnFoundParser","line":1824,"loc":{"start":{"line":1824,"column":3},"end":{"line":1824,"column":65}}},"99":{"name":"compileJsonPathToFunction","line":1836,"loc":{"start":{"line":1836,"column":3},"end":{"line":1837,"column":62}}},"100":{"name":"(anonymous_100)","line":1859,"loc":{"start":{"line":1859,"column":10},"end":{"line":1859,"column":28}}},"101":{"name":"singleEventPubSub","line":1886,"loc":{"start":{"line":1886,"column":0},"end":{"line":1886,"column":66}}},"102":{"name":"hasId","line":1896,"loc":{"start":{"line":1896,"column":3},"end":{"line":1896,"column":21}}},"103":{"name":"(anonymous_103)","line":1897,"loc":{"start":{"line":1897,"column":13},"end":{"line":1897,"column":29}}},"104":{"name":"(anonymous_104)","line":1910,"loc":{"start":{"line":1910,"column":9},"end":{"line":1910,"column":42}}},"105":{"name":"(anonymous_105)","line":1928,"loc":{"start":{"line":1928,"column":11},"end":{"line":1928,"column":23}}},"106":{"name":"(anonymous_106)","line":1932,"loc":{"start":{"line":1932,"column":10},"end":{"line":1932,"column":33}}},"107":{"name":"(anonymous_107)","line":1939,"loc":{"start":{"line":1939,"column":12},"end":{"line":1939,"column":27}}},"108":{"name":"(anonymous_108)","line":1945,"loc":{"start":{"line":1945,"column":50},"end":{"line":1945,"column":68}}},"109":{"name":"(anonymous_109)","line":1955,"loc":{"start":{"line":1955,"column":17},"end":{"line":1955,"column":27}}},"110":{"name":"(anonymous_110)","line":1960,"loc":{"start":{"line":1960,"column":19},"end":{"line":1960,"column":39}}},"111":{"name":"pubSub","line":2001,"loc":{"start":{"line":2001,"column":0},"end":{"line":2001,"column":17}}},"112":{"name":"newSingle","line":2007,"loc":{"start":{"line":2007,"column":3},"end":{"line":2007,"column":33}}},"113":{"name":"pubSubInstance","line":2016,"loc":{"start":{"line":2016,"column":3},"end":{"line":2016,"column":39}}},"114":{"name":"(anonymous_114)","line":2022,"loc":{"start":{"line":2022,"column":32},"end":{"line":2022,"column":52}}},"115":{"name":"(anonymous_115)","line":2024,"loc":{"start":{"line":2024,"column":43},"end":{"line":2024,"column":74}}},"116":{"name":"errorReport","line":2065,"loc":{"start":{"line":2065,"column":0},"end":{"line":2065,"column":46}}},"117":{"name":"patternAdapter","line":2087,"loc":{"start":{"line":2087,"column":0},"end":{"line":2087,"column":51}}},"118":{"name":"emitMatchingNode","line":2094,"loc":{"start":{"line":2094,"column":3},"end":{"line":2094,"column":54}}},"119":{"name":"addUnderlyingListener","line":2125,"loc":{"start":{"line":2125,"column":3},"end":{"line":2125,"column":84}}},"120":{"name":"(anonymous_120)","line":2129,"loc":{"start":{"line":2129,"column":25},"end":{"line":2129,"column":43}}},"121":{"name":"(anonymous_121)","line":2157,"loc":{"start":{"line":2157,"column":36},"end":{"line":2157,"column":62}}},"122":{"name":"(anonymous_122)","line":2171,"loc":{"start":{"line":2171,"column":30},"end":{"line":2171,"column":53}}},"123":{"name":"instanceApi","line":2198,"loc":{"start":{"line":2198,"column":0},"end":{"line":2198,"column":44}}},"124":{"name":"(anonymous_124)","line":2209,"loc":{"start":{"line":2209,"column":29},"end":{"line":2209,"column":60}}},"125":{"name":"(anonymous_125)","line":2243,"loc":{"start":{"line":2243,"column":24},"end":{"line":2243,"column":51}}},"126":{"name":"addProtectedCallback","line":2275,"loc":{"start":{"line":2275,"column":3},"end":{"line":2275,"column":54}}},"127":{"name":"addForgettableCallback","line":2284,"loc":{"start":{"line":2284,"column":3},"end":{"line":2284,"column":64}}},"128":{"name":"(anonymous_128)","line":2292,"loc":{"start":{"line":2292,"column":16},"end":{"line":2292,"column":27}}},"129":{"name":"(anonymous_129)","line":2296,"loc":{"start":{"line":2296,"column":26},"end":{"line":2296,"column":36}}},"130":{"name":"protectedCallback","line":2316,"loc":{"start":{"line":2316,"column":3},"end":{"line":2316,"column":42}}},"131":{"name":"(anonymous_131)","line":2317,"loc":{"start":{"line":2317,"column":13},"end":{"line":2317,"column":24}}},"132":{"name":"(anonymous_132)","line":2321,"loc":{"start":{"line":2321,"column":23},"end":{"line":2321,"column":34}}},"133":{"name":"fullyQualifiedPatternMatchEvent","line":2334,"loc":{"start":{"line":2334,"column":3},"end":{"line":2334,"column":59}}},"134":{"name":"wrapCallbackToSwapNodeIfSomethingReturned","line":2338,"loc":{"start":{"line":2338,"column":3},"end":{"line":2338,"column":66}}},"135":{"name":"(anonymous_135)","line":2339,"loc":{"start":{"line":2339,"column":13},"end":{"line":2339,"column":24}}},"136":{"name":"addSingleNodeOrPathListener","line":2353,"loc":{"start":{"line":2353,"column":3},"end":{"line":2353,"column":68}}},"137":{"name":"addMultipleNodeOrPathListeners","line":2373,"loc":{"start":{"line":2373,"column":3},"end":{"line":2373,"column":65}}},"138":{"name":"addNodeOrPathListenerApi","line":2383,"loc":{"start":{"line":2383,"column":3},"end":{"line":2383,"column":80}}},"139":{"name":"(anonymous_139)","line":2398,"loc":{"start":{"line":2398,"column":32},"end":{"line":2398,"column":51}}},"140":{"name":"(anonymous_140)","line":2406,"loc":{"start":{"line":2406,"column":27},"end":{"line":2406,"column":58}}},"141":{"name":"(anonymous_141)","line":2408,"loc":{"start":{"line":2408,"column":24},"end":{"line":2408,"column":39}}},"142":{"name":"wire","line":2452,"loc":{"start":{"line":2452,"column":0},"end":{"line":2452,"column":77}}},"143":{"name":"applyDefaults","line":2481,"loc":{"start":{"line":2481,"column":0},"end":{"line":2481,"column":98}}},"144":{"name":"modifiedUrl","line":2505,"loc":{"start":{"line":2505,"column":3},"end":{"line":2505,"column":41}}},"145":{"name":"oboe","line":2524,"loc":{"start":{"line":2524,"column":0},"end":{"line":2524,"column":20}}},"146":{"name":"(anonymous_146)","line":2576,"loc":{"start":{"line":2576,"column":12},"end":{"line":2576,"column":23}}}},"statementMap":{"1":{"start":{"line":4,"column":0},"end":{"line":2582,"column":5}},"2":{"start":{"line":53,"column":0},"end":{"line":94,"column":6}},"3":{"start":{"line":59,"column":6},"end":{"line":59,"column":37}},"4":{"start":{"line":61,"column":6},"end":{"line":70,"column":9}},"5":{"start":{"line":63,"column":9},"end":{"line":65,"column":10}},"6":{"start":{"line":64,"column":12},"end":{"line":64,"column":49}},"7":{"start":{"line":67,"column":9},"end":{"line":67,"column":54}},"8":{"start":{"line":69,"column":9},"end":{"line":69,"column":37}},"9":{"start":{"line":84,"column":6},"end":{"line":84,"column":37}},"10":{"start":{"line":86,"column":6},"end":{"line":88,"column":7}},"11":{"start":{"line":87,"column":9},"end":{"line":87,"column":39}},"12":{"start":{"line":90,"column":6},"end":{"line":93,"column":9}},"13":{"start":{"line":92,"column":9},"end":{"line":92,"column":53}},"14":{"start":{"line":101,"column":0},"end":{"line":105,"column":1}},"15":{"start":{"line":102,"column":3},"end":{"line":104,"column":4}},"16":{"start":{"line":103,"column":6},"end":{"line":103,"column":52}},"17":{"start":{"line":120,"column":0},"end":{"line":122,"column":1}},"18":{"start":{"line":121,"column":3},"end":{"line":121,"column":41}},"19":{"start":{"line":121,"column":24},"end":{"line":121,"column":38}},"20":{"start":{"line":138,"column":3},"end":{"line":153,"column":6}},"21":{"start":{"line":140,"column":6},"end":{"line":152,"column":9}},"22":{"start":{"line":142,"column":9},"end":{"line":142,"column":24}},"23":{"start":{"line":144,"column":9},"end":{"line":151,"column":10}},"24":{"start":{"line":146,"column":12},"end":{"line":146,"column":47}},"25":{"start":{"line":148,"column":12},"end":{"line":150,"column":13}},"26":{"start":{"line":149,"column":15},"end":{"line":149,"column":33}},"27":{"start":{"line":170,"column":0},"end":{"line":172,"column":1}},"28":{"start":{"line":171,"column":3},"end":{"line":171,"column":36}},"29":{"start":{"line":196,"column":0},"end":{"line":235,"column":1}},"30":{"start":{"line":198,"column":3},"end":{"line":199,"column":37}},"31":{"start":{"line":202,"column":3},"end":{"line":215,"column":4}},"32":{"start":{"line":205,"column":6},"end":{"line":207,"column":7}},"33":{"start":{"line":206,"column":9},"end":{"line":206,"column":53}},"34":{"start":{"line":209,"column":10},"end":{"line":215,"column":4}},"35":{"start":{"line":212,"column":6},"end":{"line":214,"column":7}},"36":{"start":{"line":213,"column":9},"end":{"line":213,"column":70}},"37":{"start":{"line":222,"column":3},"end":{"line":222,"column":37}},"38":{"start":{"line":224,"column":3},"end":{"line":234,"column":4}},"39":{"start":{"line":226,"column":6},"end":{"line":228,"column":7}},"40":{"start":{"line":227,"column":9},"end":{"line":227,"column":38}},"41":{"start":{"line":230,"column":6},"end":{"line":231,"column":55}},"42":{"start":{"line":233,"column":6},"end":{"line":233,"column":41}},"43":{"start":{"line":243,"column":0},"end":{"line":247,"column":1}},"44":{"start":{"line":244,"column":3},"end":{"line":246,"column":4}},"45":{"start":{"line":245,"column":6},"end":{"line":245,"column":21}},"46":{"start":{"line":256,"column":0},"end":{"line":262,"column":1}},"47":{"start":{"line":258,"column":3},"end":{"line":261,"column":5}},"48":{"start":{"line":260,"column":6},"end":{"line":260,"column":38}},"49":{"start":{"line":267,"column":0},"end":{"line":267,"column":17}},"50":{"start":{"line":272,"column":0},"end":{"line":272,"column":30}},"51":{"start":{"line":272,"column":18},"end":{"line":272,"column":29}},"52":{"start":{"line":284,"column":0},"end":{"line":288,"column":1}},"53":{"start":{"line":285,"column":3},"end":{"line":287,"column":4}},"54":{"start":{"line":286,"column":6},"end":{"line":286,"column":17}},"55":{"start":{"line":299,"column":0},"end":{"line":301,"column":1}},"56":{"start":{"line":300,"column":3},"end":{"line":300,"column":61}},"57":{"start":{"line":303,"column":0},"end":{"line":304,"column":49}},"58":{"start":{"line":317,"column":0},"end":{"line":319,"column":1}},"59":{"start":{"line":318,"column":3},"end":{"line":318,"column":30}},"60":{"start":{"line":326,"column":0},"end":{"line":333,"column":1}},"61":{"start":{"
[...]
0,"1016":0,"1018":0,"1021":0,"1024":0,"1025":0,"1040":1,"1043":0,"1046":1,"1047":0,"1048":0,"1052":0,"1054":0,"1057":0,"1059":0,"1064":0,"1065":0,"1066":0,"1070":0,"1072":0,"1077":0,"1078":0,"1080":0,"1084":0,"1086":0,"1087":0,"1092":1,"1113":1,"1119":0,"1121":1,"1124":0,"1127":0,"1128":0,"1132":0,"1135":0,"1136":0,"1141":1,"1142":0,"1144":0,"1146":0,"1149":0,"1151":0,"1155":1,"1157":0,"1159":0,"1169":1,"1170":0,"1171":0,"1180":0,"1182":0,"1183":0,"1186":0,"1188":0,"1190":0,"1193":0,"1194":0,"1201":0,"1202":0,"1207":0,"1208":0,"1209":0,"1212":0,"1213":0,"1216":0,"1219":0,"1220":0,"1223":0,"1228":1,"1230":1,"1246":8,"1260":8,"1262":8,"1327":1,"1328":1,"1349":1,"1350":0,"1354":1,"1357":1,"1383":1,"1390":1,"1392":0,"1397":1,"1405":0,"1407":0,"1419":1,"1421":0,"1423":0,"1425":0,"1430":0,"1434":0,"1440":0,"1451":1,"1453":0,"1468":1,"1470":0,"1474":0,"1477":0,"1483":0,"1485":0,"1492":1,"1494":0,"1496":0,"1502":0,"1503":0,"1504":0,"1505":0,"1506":0,"1523":1,"1529":1,"1530":1,"1531":1,"1533":1,"1543":1,"1545":0,"1549":0,"1552":0,"1562":1,"1564":0,"1566":0,"1567":0,"1569":0,"1579":0,"1585":1,"1588":0,"1590":0,"1591":0,"1593":0,"1604":1,"1607":0,"1613":0,"1619":1,"1620":0,"1623":0,"1646":1,"1648":0,"1654":0,"1657":0,"1664":0,"1673":0,"1680":1,"1682":0,"1683":0,"1694":1,"1696":0,"1699":0,"1701":0,"1716":1,"1722":0,"1725":0,"1749":1,"1755":0,"1757":0,"1758":0,"1766":0,"1773":1,"1775":5,"1791":1,"1811":0,"1824":1,"1825":0,"1836":1,"1845":0,"1849":0,"1859":1,"1861":0,"1863":0,"1866":0,"1886":1,"1893":0,"1896":1,"1897":0,"1898":0,"1902":0,"1912":0,"1918":0,"1919":0,"1922":0,"1923":0,"1925":0,"1929":0,"1934":0,"1936":0,"1940":0,"1944":0,"1945":0,"1946":0,"1949":0,"1950":0,"1957":0,"1961":0,"1963":0,"2001":1,"2003":0,"2007":1,"2008":0,"2016":1,"2018":0,"2022":0,"2024":0,"2025":0,"2029":0,"2036":1,"2065":1,"2066":0,"2067":0,"2070":0,"2087":1,"2089":0,"2094":1,"2102":0,"2104":0,"2125":1,"2127":0,"2129":0,"2131":0,"2147":0,"2149":0,"2157":0,"2162":0,"2164":0,"2165":0,"2171":0,"2173":0,"2175":0,"2176":0,"2178":0,"2180":0,"2198":1,"2200":0,"2211":0,"2216":0,"2221":0,"2224":0,"2228":0,"2233":0,"2237":0,"2245":0,"2247":0,"2249":0,"2252":0,"2259":0,"2261":0,"2264":0,"2275":1,"2276":0,"2277":0,"2284":1,"2288":0,"2290":0,"2292":0,"2294":0,"2296":0,"2297":0,"2300":0,"2302":0,"2304":0,"2305":0,"2309":0,"2316":1,"2317":0,"2318":0,"2319":0,"2321":0,"2322":0,"2334":1,"2335":0,"2338":1,"2339":0,"2340":0,"2342":0,"2344":0,"2345":0,"2347":0,"2353":1,"2355":0,"2357":0,"2358":0,"2360":0,"2363":0,"2373":1,"2375":0,"2376":0,"2383":1,"2385":0,"2386":0,"2389":0,"2392":0,"2398":0,"2399":0,"2406":0,"2408":0,"2409":0,"2419":0,"2452":1,"2454":0,"2460":0,"2462":0,"2472":0,"2474":0,"2476":0,"2478":0,"2481":1,"2483":0,"2490":0,"2491":0,"2495":0,"2498":0,"2501":0,"2505":1,"2507":0,"2509":0,"2510":0,"2512":0,"2515":0,"2517":0,"2520":0,"2524":1,"2532":0,"2538":0,"2539":0,"2545":0,"2555":0,"2569":0,"2576":1,"2577":0,"2581":1}},"/home/travis/build/npmtest/node-npmtest-oboe/node_modules/oboe/Gruntfile.js":{"path":"/home/travis/build/npmtest/node-npmtest-oboe/node_modules/oboe/Gruntfile.js","s":{"1":1,"2":0,"3":0,"4":0,"5":0,"6":0,"7":1,"8":0,"9":0,"10":0,"11":0,"12":0,"13":0,"14":0,"15":0,"16":0,"17":0,"18":0,"19":0,"20":0,"21":0,"22":0,"23":0,"24":0,"25":0,"26":0,"27":0,"28":0,"29":0,"30":0,"31":0,"32":0,"33":0,"34":0,"35":0,"36":0,"37":0},"b":{"1":[0,0]},"f":{"1":0,"2":0,"3":0,"4":0,"5":0},"fnMap":{"1":{"name":"(anonymous_1)","line":1,"loc":{"start":{"line":1,"column":17},"end":{"line":1,"column":34}}},"2":{"name":"wrapper","line":64,"loc":{"start":{"line":64,"column":3},"end":{"line":64,"column":27}}},"3":{"name":"(anonymous_3)","line":262,"loc":{"start":{"line":262,"column":45},"end":{"line":262,"column":57}}},"4":{"name":"(anonymous_4)","line":275,"loc":{"start":{"line":275,"column":65},"end":{"line":275,"column":76}}},"5":{"name":"(anonymous_5)","line":297,"loc":{"start":{"line":297,"column":39},"end":{"line":297,"column":49}}}},"statementMap":{"1":{"start":{"line":1,"column":0},"end":{"line":395,"column":2}},"2":{"start":{"line":3,"column":3},"end":{"line":3,"column":59}},"3":{"start":{"line":5,"column":3},"end":{"line":5,"column":38}},"4":{"start":{"line":8,"column":3},"end":{"line":31,"column":5}},"5":{"start":{"line":33,"column":3},"end":{"line":54,"column":5}},"6":{"start":{"line":56,"column":3},"end":{"line":60,"column":5}},"7":{"start":{"line":64,"column":3},"end":{"line":68,"column":4}},"8":{"start":{"line":65,"column":6},"end":{"line":67,"column":40}},"9":{"start":{"line":70,"column":3},"end":{"line":256,"column":6}},"10":{"start":{"line":258,"column":3},"end":{"line":258,"column":72}},"11":{"start":{"line":260,"column":3},"end":{"line":260,"column":20}},"12":{"start":{"line":262,"column":3},"end":{"line":273,"column":6}},"13":{"start":{"line":263,"column":6},"end":{"line":263,"column":77}},"14":{"start":{"line":266,"column":6},"end":{"line":269,"column":7}},"15":{"start":{"line":267,"column":9},"end":{"line":267,"column":86}},"16":{"start":{"line":268,"column":9},"end":{"line":268,"column":29}},"17":{"start":{"line":271,"column":6},"end":{"line":271,"column":55}},"18":{"start":{"line":272,"column":6},"end":{"line":272,"column":57}},"19":{"start":{"line":275,"column":3},"end":{"line":291,"column":6}},"20":{"start":{"line":277,"column":6},"end":{"line":290,"column":9}},"21":{"start":{"line":297,"column":3},"end":{"line":300,"column":6}},"22":{"start":{"line":298,"column":6},"end":{"line":298,"column":35}},"23":{"start":{"line":299,"column":6},"end":{"line":299,"column":42}},"24":{"start":{"line":302,"column":3},"end":{"line":304,"column":6}},"25":{"start":{"line":306,"column":3},"end":{"line":308,"column":6}},"26":{"start":{"line":310,"column":3},"end":{"line":312,"column":6}},"27":{"start":{"line":314,"column":3},"end":{"line":319,"column":6}},"28":{"start":{"line":321,"column":3},"end":{"line":324,"column":6}},"29":{"start":{"line":326,"column":3},"end":{"line":329,"column":6}},"30":{"start":{"line":331,"column":3},"end":{"line":338,"column":6}},"31":{"start":{"line":340,"column":3},"end":{"line":347,"column":6}},"32":{"start":{"line":349,"column":3},"end":{"line":352,"column":6}},"33":{"start":{"line":355,"column":3},"end":{"line":361,"column":6}},"34":{"start":{"line":363,"column":3},"end":{"line":374,"column":6}},"35":{"start":{"line":383,"column":3},"end":{"line":387,"column":6}},"36":{"start":{"line":388,"column":3},"end":{"line":391,"column":6}},"37":{"start":{"line":392,"column":3},"end":{"line":394,"column":6}}},"branchMap":{"1":{"line":266,"type":"if","locations":[{"start":{"line":266,"column":6},"end":{"line":266,"column":6}},{"start":{"line":266,"column":6},"end":{"line":266,"column":6}}]}},"code":["module.exports = function (grunt) {","","   var autoStartBrowsers = ['Chrome', 'Firefox', 'Safari'];","","   var STREAM_SOURCE_PORT_HTTP = 4567;","","   // NB: source files are order sensitive","   var OBOE_BROWSER_SOURCE_FILES = [","      'build/version.js'                ","   ,  'src/LICENCE.js'                ","   ,  'src/functional.js'                ","   ,  'src/util.js'                    ","   ,  'src/lists.js'                    ","   ,  'src/libs/clarinet.js'               ","   ,  'src/ascentManager.js'","   ,  'src/parseResponseHeaders.browser.js'","   ,  'src/detectCrossOrigin.browser.js'","   ,  'src/streamingHttp.browser.js'","   ,  'src/jsonPathSyntax.js'","   ,  'src/ascent.js'            ","   ,  'src/incrementalContentBuilder.js'            ","   ,  'src/jsonPath.js'","   ,  'src/singleEventPubSub.js'","   ,  'src/pubSub.js'","   ,  'src/events.js'","   ,  'src/patternAdapter.js'   ","   ,  'src/instanceApi.js'   ","   ,  'src/wire.js'","   ,  'src/defaults.js'","   ,  'src/publicApi.js'","   ];","   ","   var OBOE_NODE_SOURCE_FILES = [","      'build/version.js'","   ,  'src/LICENCE.js'","   ,  'src/functional.js'                ","   ,  'src/util.js'                    ","   ,  'src/lists.js'","   ,  'src/libs/clarinet.js'","   ,  'src/ascentManager.js'","   ,  'src/streamingHttp.node.js'","   ,  'src/jsonPathSyntax.js'","   ,  'src/ascent.js'   ","   ,  'src/incrementalContentBuilder.js'            ","   ,  'src/jsonPath.js'","   ,  'src/singleEventPubSub.js'   ","   ,  'src/pubSub.js'","   ,  'src/events.js'","   ,  'src/patternAdapter.js'      ","   ,  'src/instanceApi.js'   ","   ,  'src/wire.js'","   ,  'src/defaults.js'","   ,  'src/publicApi.js'","   ];   ","   ","   var FILES_TRIGGERING_KARMA = [","      'src/**/*.js', ","      'test/specs/*.spec.js', ","      'test/libs/*.js'","   ];","     ","   // load the wrapper file for packaging source targeted at either","   // browser or node","   function wrapper(target){","      return require('fs')","         .readFileSync('src/wrapper.' + target + '.js', 'utf8')","         .split('// ---contents--- //');","   }","   ","   grunt.initConfig({","","      pkg:grunt.file.readJSON(\"package.json\")","      ","   ,  clean: ['dist/*.js', 'build/*.js']","      ","   ,  concat: {","         browser:{         ","            src: OBOE_BROWSER_SOURCE_FILES,","            dest: 'build/oboe-browser.concat.js'","         },","         node:{         ","            src: OBOE_NODE_SOURCE_FILES,","            dest: 'build/oboe-node.concat.js'","         }         ","      }","      ","   ,  wrap: {","         browserPackage: {","            src: 'build/oboe-browser.concat.js',","            dest: '.',","            wrapper: wrapper('browser')","         },","                  ","         nodePackage: {","            src: 'build/oboe-node.concat.js',","            dest: '.',","            wrapper: wrapper('node')","         }         ","      }","      ","                       ","   ,  uglify: {","         build:{","            files:{","               'build/oboe-browser.min.js': 'build/oboe-browser.concat.js'","            }","         }","      }","      ","   ,  karma: {","         options:{            ","            singleRun: true,","            proxies: {","               '/testServer'   : 'http://localhost:' + STREAM_SOURCE_PORT_HTTP   ","            },         ","            // test results reporter to use","            // possible values: 'dots', 'progress', 'junit'","            reporters : ['progress'],","                        ","            // enable / disable colors in the output (reporters and logs)","            colors : true            ","         }","      ,","         'coverage':{","            reporters : ['coverage'],","            preprocessors: {","               // source files to generate coverage for","               // (these files will be instrumented by Istanbul)","               'src/**/*.js': ['coverage']","            },","            'browsers': ['PhantomJS'],","            configFile: 'test/unit.conf.js'","         }         ","         ","      ,  ","         'precaptured-dev': {","            // for doing a single test run with already captured browsers during development.","            // this is good for running tests in browsers karma can't easily start such as","            // IE running inside a Windows VM on a unix dev environment                ","            browsers: [],     ","            configFile: 'test/unit.conf.js',","            singleRun: 'true'            ","         }","      ,","         'single-dev': {","            browsers: autoStartBrowsers,","            configFile: 'test/unit.conf.js'","         }","      ,","         'single-concat': {","            browsers: autoStartBrowsers,","            configFile: 'test/concat.conf.js'      ","         }  ","      ,  ","         'single-minified': {","            browsers: autoStartBrowsers,","            configFile: 'test/min.conf.js'","         }","         ","      ,  ","         'single-amd': {","            browsers: autoStartBrowsers,","            configFile: 'test/amd.conf.js'","         }         ","         ","      ,  ","         'single-browser-http': {","            browsers: autoStartBrowsers,","            configFile: 'test/http.conf.js'","         }         ","         ","      ,  ","         'persist': {","            // for setting up a persistent karma server.","            // To start the server, the task is:","            //    karma:persist ","            // To run these, the task is: ","            //    karma:persist:run","            configFile: 'test/unit.conf.js',           ","            browsers: [], ","            singleRun:false,","            background:true","         }   ","      }","      ","   ,  copy: {","         browserDist: {","            files: [","               {src: ['build/oboe-browser.min.js'],    dest: 'dist/oboe-browser.min.js'}","            ,  {src: ['build/oboe-browser.concat.js'], dest: 'dist/oboe-browser.js'    }","            ]","         },","         nodeDist: {","            files: [","               {src: ['build/oboe-node.concat.js'],    dest: 'dist/oboe-node.js'}","            ]","         }         ","      }      ","      ","   ,  exec:{","         // these might not go too well on Windows :-) - get Cygwin.","         reportMinifiedSize:{","            command: \"echo minified size is `wc -c < dist/oboe-browser.min.js` bytes\" ","         },","         reportMinifiedAndGzippedSize:{","            command: \"echo Size after gzip is `gzip --best --stdout dist/oboe-browser.min.js | wc -c` bytes - max 5120\"","         },","         createGitVersionJs:{","            command: \"echo \\\"// `git describe`\\\" > build/version.js\"","         }","      }","      ","   ,  watch:{","         karma:{","            files:FILES_TRIGGERING_KARMA,","            tasks:['karma:persist:run']","         },","                           ","         // like above but reports the file size. This is good for ","         // watching while developing to make sure it doesn't get","         // too big. Doesn't run tests against minified.","         karmaAndSize:{","            files: FILES_TRIGGERING_KARMA,","            tasks:[","               'karma:persist:run',","               'browser-build',               ","               'dist-sizes']","         },","         ","         // like above but reports the file size. This is good for ","         // watching while developing to make sure it doesn't get","         // too big. Doesn't run tests against minified.","         testNode:{","            files: FILES_TRIGGERING_KARMA,","            tasks:[ ","               'node-build']","         },         ","         ","         restartStreamSourceAndRunTests:{","            // this fails at the moment because start-stream-source","            // fails if run more than once - the port is taken.","            files: ['test/streamsource.js'],","            tasks: ['start-stream-source', 'karma:persist:run']","         }         ","      }","                 ","   ,  concurrent:{","         watchDev: {","            tasks:[ 'watch:karmaAndSize', 'watch:restartStreamSourceAndRunTests' ],","            options:{","               logConcurrentOutput: true","            }","         }","      }","      ","   });","","   require('matchdep').filterDev('grunt-*').forEach(grunt.loadNpmTasks);","","   var streamSource;","   ","   grunt.registerTask('start-stream-source', function () {","      grunt.log.ok('do we have a streaming source already?', !!streamSource);","   ","      // if we previously loaded the streamsource, stop it to let the new one in:","      if( streamSource ) {","         grunt.log.ok('there seems to be a streaming server already, let\\'s stop it');","         streamSource.stop();","      }","         ","      streamSource = require('./test/streamsource.js');","      streamSource.start(STREAM_SOURCE_PORT_HTTP, grunt);","   });","","   grunt.registerTask(\"jasmine_node_oboe\", \"Runs jasmine-node.\", function() {","   ","      require('jasmine-node').executeSpecsInFolder({","            ","         \"specFolders\":[process.cwd() + '/test/specs/'], ","         \"isVerbose\":true, ","         \"showColors\":true, ","         \"teamcity\":false, ","         \"useRequireJs\":false, ","         \"regExpSpec\":/oboe\\.(?:integration|performance)\\.spec\\.(js)$/, ","         \"junitreport\":{\"report\":false, \"savePath\":\"./reports/\", \"useDotNotation\":true, \"consolidate\":true}, ","         \"includeStackTrace\":true, ","         \"growl\":false,","         onComplete: this.async()","         ","      });","   });   ","","   // change the auto-starting browsers so that future tests will use","   // phantomjs instead of actual browsers. Can do: ","   //    grunt headless-mode default","   // to run without any actual browsers","   grunt.registerTask('headless-mode', function(){","      autoStartBrowsers.length = 0;","      autoStartBrowsers.push('PhantomJS');","   });","      ","   grunt.registerTask('test-start-server',   [","      'karma:persist'","   ]);","   ","   grunt.registerTask('test-run',   [","      'karma:persist:run'","   ]);","   ","   grunt.registerTask('dist-sizes',   [","      'exec:reportMinifiedAndGzippedSize'","   ]);","            ","   grunt.registerTask('node-build',      [","      'exec:createGitVersionJs',   ","      'concat:node', ","      'wrap:nodePackage',","      'copy:nodeDist'","   ]);","","   grunt.registerTask('node-build-test',      [","      'node-build',","      'jasmine_node_oboe'","   ]);","      ","   grunt.registerTask('node',      [","      'start-stream-source',","      'node-build-test'","   ]);   ","","   grunt.registerTask('browser-build',      [","      'exec:createGitVersionJs',","      'concat:browser', ","      'concat:node', ","      'wrap:browserPackage', ","      'uglify',","      'copy:browserDist'   ","   ]);","         ","   grunt.registerTask('browser-build-test',      [","      'karma:single-dev', ","      'karma:single-browser-http',","      'browser-build',","      'karma:single-concat',                                         ","      'karma:single-minified',     ","      'karma:single-amd'   ","   ]);","   ","   grunt.registerTask('build',      [","      'browser-build',","      'node-build'      ","   ]);      ","   ","   // build and run just the integration tests.","   grunt.registerTask('build-integration-test',      [","      'build',   ","      'start-stream-source',","      'karma:single-concat',","      'jasmine_node_oboe',","      'dist-sizes'","   ]);","   ","   grunt.registerTask('default',      [","   ","      'clear',   ","      'clean',","      'start-stream-source',","      ","      'browser-build-test',     ","","      'node-build-test',","      ","      'dist-sizes'                                                            ","   ]);","   ","   ","","   // browser-test-auto-run or node-test-auto-run","   //","   // The most useful for developing. Start this task, capture some browsers","   // (unless node) then edit the code. Tests will be run as the code is ","   // saved.","   grunt.registerTask('browser-test-auto-run',   [","      'start-stream-source',","      'karma:persist',","      'concurrent:watchDev'       ","   ]);","   grunt.registerTask('node-test-auto-run',   [","      'start-stream-source',","      'watch:testNode'       ","   ]);","   grunt.registerTask('coverage',   [","      'karma:coverage'","   ]);   ","};",""],"l":{"1":1,"3":0,"5":0,"8":0,"33":0,"56":0,"64":1,"65":0,"70":0,"258":0,"260":0,"262":0,"263":0,"266":0,"267":0,"268":0,"271":0,"272":0,"275":0,"277":0,"297":0,"298":0,"299":0,"302":0,"306":0,"310":0,"314":0,"321":0,"326":0,"331":0,"340":0,"349":0,"355":0,"363":0,"383":0,"388":0,"392":0}},"/home/travis/build/npmtest/node-npmtest-oboe/node_modules/oboe/index.js":{"path":"/home/travis/build/npmtest/node-npmtest-oboe/node_modules/oboe/index.js","s":{"1":1,"2":1},"b":{},"f":{},"fnMap":{},"statementMap":{"1":{"start":{"line":1,"column":0},"end":{"line":1,"column":39}},"2":{"start":{"line":3,"column":0},"end":{"line":3,"column":22}}},"branchMap":{},"code":["var oboe = require('./dist/oboe-node');","","module.exports = oboe;",""],"l":{"1":1,"3":1}}}